Fetching origin
[ki 46e251d] Automated commit from ki on 2022-02-02 18:00:15
 29 files changed, 7506 insertions(+), 5 deletions(-)
 create mode 100644 logs/git_logs/2022-02-02-18-00-14.log
 create mode 100644 logs/simulations/2022-02-02_16-34-15.log
 create mode 100644 logs/simulations/2022-02-02_16-35-15.log
 create mode 100644 logs/simulations/2022-02-02_16-36-10.log
 create mode 100644 logs/simulations/2022-02-02_16-40-06.log
 create mode 100644 logs/simulations/2022-02-02_16-41-37.log
 create mode 100644 logs/simulations/2022-02-02_16-42-51.log
 create mode 100644 logs/simulations/2022-02-02_16-43-36.log
 create mode 100644 logs/simulations/2022-02-02_16-45-17.log
 create mode 100644 logs/simulations/2022-02-02_16-46-15.log
 create mode 100644 logs/simulations/2022-02-02_16-48-04.log
 create mode 100644 logs/simulations/2022-02-02_16-49-15.log
 create mode 100644 logs/simulations/2022-02-02_16-51-17.log
 create mode 100644 logs/simulations/2022-02-02_16-52-10.log
 create mode 100644 logs/simulations/2022-02-02_16-53-55.log
 create mode 100644 logs/simulations/2022-02-02_16-54-13.log
 create mode 100644 logs/simulations/2022-02-02_16-56-14.log
 create mode 100644 logs/simulations/2022-02-02_16-58-51.log
 rewrite tmp/carla-env-v0_ddpg_ac.png (98%)
 rewrite tmp/ddpg/actor_ddpg.pth (92%)
 rewrite tmp/ddpg/critic_ddpg.pth (92%)
