[ki 93ae30f] Automated commit from ki on 2022-02-02 13:30:38
 42 files changed, 10803 insertions(+), 7 deletions(-)
 create mode 100644 logs/git_logs/2022-02-02-13-30-38.log
 create mode 100644 logs/simulations/2022-02-02_11-32-22.log
 create mode 100644 logs/simulations/2022-02-02_11-34-09.log
 create mode 100644 logs/simulations/2022-02-02_11-35-21.log
 create mode 100644 logs/simulations/2022-02-02_11-36-06.log
 create mode 100644 logs/simulations/2022-02-02_11-38-03.log
 create mode 100644 logs/simulations/2022-02-02_11-39-07.log
 create mode 100644 logs/simulations/2022-02-02_11-40-34.log
 create mode 100644 logs/simulations/2022-02-02_11-42-41.log
 create mode 100644 logs/simulations/2022-02-02_11-50-43.log
 create mode 100644 logs/simulations/2022-02-02_11-51-50.log
 create mode 100644 logs/simulations/2022-02-02_11-52-14.log
 create mode 100644 logs/simulations/2022-02-02_11-53-39.log
 create mode 100644 logs/simulations/2022-02-02_11-54-37.log
 create mode 100644 logs/simulations/2022-02-02_11-57-58.log
 create mode 100644 logs/simulations/2022-02-02_12-00-08.log
 create mode 100644 logs/simulations/2022-02-02_12-01-30.log
 create mode 100644 logs/simulations/2022-02-02_12-03-15.log
 create mode 100644 logs/simulations/2022-02-02_12-04-21.log
 create mode 100644 logs/simulations/2022-02-02_12-06-33.log
 create mode 100644 logs/simulations/2022-02-02_12-07-11.log
 create mode 100644 logs/simulations/2022-02-02_12-08-39.log
 create mode 100644 logs/simulations/2022-02-02_12-11-15.log
 create mode 100644 logs/simulations/2022-02-02_12-13-52.log
 create mode 100644 logs/simulations/2022-02-02_12-15-01.log
 create mode 100644 logs/simulations/2022-02-02_12-17-14.log
 create mode 100644 logs/simulations/2022-02-02_12-18-50.log
 create mode 100644 logs/simulations/2022-02-02_12-20-09.log
 create mode 100644 logs/simulations/2022-02-02_12-21-39.log
 create mode 100644 logs/simulations/2022-02-02_12-29-13.log
 rewrite tmp/carla-env-v0_ddpg_ac.png (98%)
 rewrite tmp/ddpg/actor_ddpg.pth (92%)
 rewrite tmp/ddpg/critic_ddpg.pth (92%)
