[test_learing 1498adf] Automated commit on 2022-01-31 17:45:30
 42 files changed, 2641 insertions(+), 50 deletions(-)
 rewrite agent/__pycache__/agent_ddpg.cpython-37.pyc (74%)
 rewrite carla_gym/parking_component/__pycache__/bb_visualizer.cpython-37.pyc (73%)
 rewrite carla_gym/parking_component/__pycache__/slot_visualizer.cpython-37.pyc (69%)
 rename vars/carla_run_var => logs/git_logs/2022-01-31-17-45-30.log (100%)
 create mode 100644 logs/simulations/2022-01-31_15-58-12.log
 create mode 100644 logs/simulations/2022-01-31_16-03-06.log
 create mode 100644 logs/simulations/2022-01-31_16-04-24.log
 create mode 100644 logs/simulations/2022-01-31_16-09-42.log
 create mode 100644 logs/simulations/2022-01-31_16-26-58.log
 rewrite model/__pycache__/actor_netwrk.cpython-37.pyc (92%)
 rewrite model/__pycache__/critic_network.cpython-37.pyc (93%)
 create mode 100755 scripts/update/update.sh
 rewrite tmp/carla-env-v0_ddpg_ac.png (99%)
 rewrite tmp/ddpg/actor_ddpg.pth (92%)
 rewrite tmp/ddpg/critic_ddpg.pth (92%)
 rename vars/{var_script_log => autogit_log} (81%)
 create mode 100644 vars/script_log
 create mode 100644 vars/update_flag
 delete mode 100644 vars/varlog_carla
[test_learing c51334a] Automated commit on 2022-01-31 17:49:03
 2 files changed, 22 insertions(+), 1 deletion(-)
