[ki 7f51d0a] Automated commit from ki on 2022-02-02 14:30:38
 49 files changed, 11814 insertions(+), 6 deletions(-)
 create mode 100644 logs/git_logs/2022-02-02-14-30-38.log
 create mode 100644 logs/simulations/2022-02-02_12-30-39.log
 create mode 100644 logs/simulations/2022-02-02_12-31-08.log
 create mode 100644 logs/simulations/2022-02-02_12-32-14.log
 create mode 100644 logs/simulations/2022-02-02_12-34-02.log
 create mode 100644 logs/simulations/2022-02-02_12-35-39.log
 create mode 100644 logs/simulations/2022-02-02_12-36-31.log
 create mode 100644 logs/simulations/2022-02-02_12-37-51.log
 create mode 100644 logs/simulations/2022-02-02_12-39-16.log
 create mode 100644 logs/simulations/2022-02-02_12-40-31.log
 create mode 100644 logs/simulations/2022-02-02_12-41-36.log
 create mode 100644 logs/simulations/2022-02-02_12-42-46.log
 create mode 100644 logs/simulations/2022-02-02_12-43-52.log
 create mode 100644 logs/simulations/2022-02-02_12-46-09.log
 create mode 100644 logs/simulations/2022-02-02_12-47-17.log
 create mode 100644 logs/simulations/2022-02-02_12-48-39.log
 create mode 100644 logs/simulations/2022-02-02_12-49-23.log
 create mode 100644 logs/simulations/2022-02-02_12-50-23.log
 create mode 100644 logs/simulations/2022-02-02_12-51-39.log
 create mode 100644 logs/simulations/2022-02-02_12-55-40.log
 create mode 100644 logs/simulations/2022-02-02_12-56-08.log
 create mode 100644 logs/simulations/2022-02-02_12-57-16.log
 create mode 100644 logs/simulations/2022-02-02_12-58-03.log
 create mode 100644 logs/simulations/2022-02-02_13-00-54.log
 create mode 100644 logs/simulations/2022-02-02_13-02-01.log
 create mode 100644 logs/simulations/2022-02-02_13-03-39.log
 create mode 100644 logs/simulations/2022-02-02_13-04-21.log
 create mode 100644 logs/simulations/2022-02-02_13-05-15.log
 create mode 100644 logs/simulations/2022-02-02_13-06-18.log
 create mode 100644 logs/simulations/2022-02-02_13-09-23.log
 create mode 100644 logs/simulations/2022-02-02_13-15-01.log
 create mode 100644 logs/simulations/2022-02-02_13-15-36.log
 create mode 100644 logs/simulations/2022-02-02_13-25-03.log
 create mode 100644 logs/simulations/2022-02-02_13-30-02.log
 create mode 100755 scripts/watch_dog/watch_dog.sh
 rewrite tmp/carla-env-v0_ddpg_ac.png (98%)
 rewrite tmp/ddpg/actor_ddpg.pth (92%)
 rewrite tmp/ddpg/critic_ddpg.pth (92%)
