... loading explore probabilty ...
... loading buffer ...
... loading plot info ...
... loading checkpoint ...
... loading checkpoint ...
... loading checkpoint ...
... loading checkpoint ...
------------------------- 2364 -------------------------
... saving memory buffer ...
findfont: Matching sans\-serif:style=normal:variant=normal:weight=normal:stretch=normal:size=10.0.
findfont: score(<Font 'STIXSizeFiveSym' (STIXSizFiveSymReg.ttf) normal normal 400 normal>) = 10.05
findfont: score(<Font 'DejaVu Sans' (DejaVuSans.ttf) normal normal 400 normal>) = 0.05
findfont: score(<Font 'STIXSizeFourSym' (STIXSizFourSymReg.ttf) normal normal 400 normal>) = 10.05
findfont: score(<Font 'DejaVu Serif' (DejaVuSerif-Bold.ttf) normal normal 700 normal>) = 10.335
findfont: score(<Font 'STIXSizeThreeSym' (STIXSizThreeSymBol.ttf) normal normal 700 normal>) = 10.335
findfont: score(<Font 'cmr10' (cmr10.ttf) normal normal 400 normal>) = 10.05
findfont: score(<Font 'STIXSizeFourSym' (STIXSizFourSymBol.ttf) normal normal 700 normal>) = 10.335
findfont: score(<Font 'STIXGeneral' (STIXGeneralBol.ttf) normal normal 700 normal>) = 10.335
findfont: score(<Font 'DejaVu Serif Display' (DejaVuSerifDisplay.ttf) normal normal 400 normal>) = 10.05
findfont: score(<Font 'DejaVu Sans' (DejaVuSans-Bold.ttf) normal normal 700 normal>) = 0.33499999999999996
findfont: score(<Font 'STIXSizeOneSym' (STIXSizOneSymReg.ttf) normal normal 400 normal>) = 10.05
findfont: score(<Font 'STIXGeneral' (STIXGeneralBolIta.ttf) italic normal 700 normal>) = 11.335
findfont: score(<Font 'DejaVu Sans Display' (DejaVuSansDisplay.ttf) normal normal 400 normal>) = 10.05
findfont: score(<Font 'DejaVu Serif' (DejaVuSerif-BoldItalic.ttf) italic normal 700 normal>) = 11.335
findfont: score(<Font 'cmex10' (cmex10.ttf) normal normal 400 normal>) = 10.05
findfont: score(<Font 'STIXNonUnicode' (STIXNonUniBol.ttf) normal normal 700 normal>) = 10.335
findfont: score(<Font 'cmss10' (cmss10.ttf) normal normal 400 normal>) = 10.05
findfont: score(<Font 'STIXNonUnicode' (STIXNonUniBolIta.ttf) italic normal 700 normal>) = 11.335
findfont: score(<Font 'DejaVu Sans Mono' (DejaVuSansMono.ttf) normal normal 400 normal>) = 10.05
findfont: score(<Font 'STIXSizeOneSym' (STIXSizOneSymBol.ttf) normal normal 700 normal>) = 10.335
findfont: score(<Font 'STIXSizeThreeSym' (STIXSizThreeSymReg.ttf) normal normal 400 normal>) = 10.05
findfont: score(<Font 'DejaVu Sans Mono' (DejaVuSansMono-BoldOblique.ttf) oblique normal 700 normal>) = 11.335
findfont: score(<Font 'DejaVu Serif' (DejaVuSerif.ttf) normal normal 400 normal>) = 10.05
findfont: score(<Font 'STIXSizeTwoSym' (STIXSizTwoSymReg.ttf) normal normal 400 normal>) = 10.05
findfont: score(<Font 'DejaVu Sans Mono' (DejaVuSansMono-Bold.ttf) normal normal 700 normal>) = 10.335
findfont: score(<Font 'cmsy10' (cmsy10.ttf) normal normal 400 normal>) = 10.05
findfont: score(<Font 'STIXGeneral' (STIXGeneral.ttf) normal normal 400 normal>) = 10.05
findfont: score(<Font 'cmb10' (cmb10.ttf) normal normal 400 normal>) = 10.05
findfont: score(<Font 'DejaVu Serif' (DejaVuSerif-Italic.ttf) italic normal 400 normal>) = 11.05
findfont: score(<Font 'cmtt10' (cmtt10.ttf) normal normal 400 normal>) = 10.05
findfont: score(<Font 'STIXNonUnicode' (STIXNonUni.ttf) normal normal 400 normal>) = 10.05
findfont: score(<Font 'DejaVu Sans' (DejaVuSans-Oblique.ttf) oblique normal 400 normal>) = 1.05
findfont: score(<Font 'STIXGeneral' (STIXGeneralItalic.ttf) italic normal 400 normal>) = 11.05
findfont: score(<Font 'cmmi10' (cmmi10.ttf) normal normal 400 normal>) = 10.05
findfont: score(<Font 'STIXSizeTwoSym' (STIXSizTwoSymBol.ttf) normal normal 700 normal>) = 10.335
findfont: score(<Font 'DejaVu Sans' (DejaVuSans-BoldOblique.ttf) oblique normal 700 normal>) = 1.335
findfont: score(<Font 'DejaVu Sans Mono' (DejaVuSansMono-Oblique.ttf) oblique normal 400 normal>) = 11.05
findfont: score(<Font 'STIXNonUnicode' (STIXNonUniIta.ttf) italic normal 400 normal>) = 11.05
findfont: score(<Font 'Ani' (ani.ttf) normal normal 400 normal>) = 10.05
findfont: score(<Font 'KacstOffice' (KacstOffice.ttf) normal normal 500 normal>) = 10.145
findfont: score(<Font 'Tlwg Typo' (TlwgTypo-Bold.ttf) normal normal 700 normal>) = 10.335
findfont: score(<Font 'Uroob' (Uroob.ttf) normal normal 700 normal>) = 10.335
findfont: score(<Font 'DejaVu Serif' (DejaVuSerif.ttf) normal normal 400 normal>) = 10.05
findfont: score(<Font 'Liberation Serif' (LiberationSerif-Italic.ttf) italic normal 400 normal>) = 11.05
findfont: score(<Font 'padmaa' (padmaa.ttf) normal normal 500 normal>) = 10.145
findfont: score(<Font 'Norasi' (Norasi-Italic.ttf) italic normal 400 normal>) = 11.05
findfont: score(<Font 'Ubuntu' (Ubuntu-L.ttf) normal normal 300 normal>) = 10.145
findfont: score(<Font 'Norasi' (Norasi-Bold.ttf) normal normal 700 normal>) = 10.335
findfont: score(<Font 'Tlwg Typo' (TlwgTypo.ttf) normal normal 500 normal>) = 10.145
findfont: score(<Font 'Liberation Sans' (LiberationSans-Regular.ttf) normal normal 400 normal>) = 10.05
findfont: score(<Font 'Loma' (Loma-Bold.ttf) normal normal 700 normal>) = 10.335
findfont: score(<Font 'Loma' (Loma.ttf) normal normal 400 normal>) = 10.05
findfont: score(<Font 'aakar' (aakar-medium.ttf) normal normal 500 normal>) = 10.145
findfont: score(<Font 'Samyak Tamil' (Samyak-Tamil.ttf) normal normal 500 normal>) = 10.145
findfont: score(<Font 'KacstOne' (KacstOne-Bold.ttf) normal normal 700 normal>) = 10.335
findfont: score(<Font 'LKLUG' (lklug.ttf) normal normal 400 normal>) = 10.05
findfont: score(<Font 'Ubuntu' (Ubuntu-B.ttf) normal normal 700 normal>) = 10.335
findfont: score(<Font 'Liberation Sans' (LiberationSans-BoldItalic.ttf) italic normal 700 normal>) = 11.335
findfont: score(<Font 'Waree' (Waree-Bold.ttf) normal normal 700 normal>) = 10.335
findfont: score(<Font 'FreeSans' (FreeSansOblique.ttf) oblique normal 400 normal>) = 11.05
findfont: score(<Font 'KacstTitleL' (KacstTitleL.ttf) normal normal 400 normal>) = 10.05
findfont: score(<Font 'DejaVu Serif' (DejaVuSerifCondensed-Italic.ttf) italic normal 400 condensed>) = 11.25
findfont: score(<Font 'Sawasdee' (Sawasdee.ttf) normal normal 400 normal>) = 10.05
findfont: score(<Font 'FreeSerif' (FreeSerifBoldItalic.ttf) italic normal 700 normal>) = 11.335
findfont: score(<Font 'Lohit Tamil Classical' (Lohit-Tamil-Classical.ttf) normal normal 400 normal>) = 10.05
findfont: score(<Font 'Liberation Sans' (LiberationSans-Italic.ttf) italic normal 400 normal>) = 11.05
findfont: score(<Font 'Liberation Mono' (LiberationMono-BoldItalic.ttf) italic normal 700 normal>) = 11.335
findfont: score(<Font 'Ubuntu' (Ubuntu-M.ttf) normal normal 500 normal>) = 10.145
findfont: score(<Font 'DejaVu Sans' (DejaVuSansCondensed-BoldOblique.ttf) oblique normal 700 condensed>) = 1.535
findfont: score(<Font 'KacstPen' (KacstPen.ttf) normal normal 500 normal>) = 10.145
findfont: score(<Font 'KacstDigital' (KacstDigital.ttf) normal normal 500 normal>) = 10.145
findfont: score(<Font 'Noto Sans CJK JP' (NotoSansCJK-Bold.ttc) normal normal 700 normal>) = 10.335
findfont: score(<Font 'Tlwg Mono' (TlwgMono.ttf) normal normal 500 normal>) = 10.145
findfont: score(<Font 'Tlwg Mono' (TlwgMono-Bold.ttf) normal normal 700 normal>) = 10.335
findfont: score(<Font 'KacstOne' (KacstOne.ttf) normal normal 400 normal>) = 10.05
findfont: score(<Font 'DejaVu Sans Mono' (DejaVuSansMono.ttf) normal normal 400 normal>) = 10.05
findfont: score(<Font 'FreeSans' (FreeSansBoldOblique.ttf) oblique normal 600 normal>) = 11.24
findfont: score(<Font 'Phetsarath OT' (Phetsarath_OT.ttf) normal normal 400 normal>) = 10.05
findfont: score(<Font 'Mukti Narrow' (MuktiNarrowBold.ttf) normal normal 700 normal>) = 10.335
findfont: score(<Font 'Laksaman' (Laksaman-Bold.ttf) normal normal 700 normal>) = 10.335
findfont: score(<Font 'Kinnari' (Kinnari-Italic.ttf) italic normal 500 normal>) = 11.145
findfont: score(<Font 'DejaVu Sans' (DejaVuSansCondensed-Oblique.ttf) oblique normal 400 condensed>) = 1.25
findfont: score(<Font 'Liberation Serif' (LiberationSerif-Bold.ttf) normal normal 700 normal>) = 10.335
findfont: score(<Font 'Gargi' (Gargi.ttf) normal normal 400 normal>) = 10.05
findfont: score(<Font 'Pothana2000' (Pothana2000.ttf) normal normal 400 normal>) = 10.05
findfont: score(<Font 'Ubuntu' (Ubuntu-R.ttf) normal normal 400 normal>) = 10.05
findfont: score(<Font 'FreeMono' (FreeMonoBoldOblique.ttf) oblique normal 700 normal>) = 11.335
findfont: score(<Font 'Noto Serif CJK JP' (NotoSerifCJK-Bold.ttc) normal normal 700 normal>) = 10.335
findfont: score(<Font 'FreeSans' (FreeSansBold.ttf) normal normal 600 normal>) = 10.24
findfont: score(<Font 'KacstFarsi' (KacstFarsi.ttf) normal normal 500 normal>) = 10.145
findfont: score(<Font 'Garuda' (Garuda-Oblique.ttf) oblique normal 400 normal>) = 11.05
findfont: score(<Font 'Rachana' (Rachana-Bold.ttf) normal normal 700 normal>) = 10.335
findfont: score(<Font 'Kinnari' (Kinnari-Bold.ttf) normal normal 700 normal>) = 10.335
findfont: score(<Font 'Manjari' (Manjari-Bold.otf) normal normal 700 normal>) = 10.335
findfont: score(<Font 'Samyak Malayalam' (Samyak-Malayalam.ttf) normal normal 400 normal>) = 10.05
findfont: score(<Font 'Jamrul' (JamrulNormal.ttf) normal normal 500 normal>) = 10.145
findfont: score(<Font 'Norasi' (Norasi-BoldOblique.ttf) oblique normal 700 normal>) = 11.335
findfont: score(<Font 'Tlwg Mono' (TlwgMono-Oblique.ttf) oblique normal 400 normal>) = 11.05
findfont: score(<Font 'Kinnari' (Kinnari-BoldItalic.ttf) italic normal 700 normal>) = 11.335
findfont: score(<Font 'Tlwg Typewriter' (TlwgTypewriter.ttf) normal normal 500 normal>) = 10.145
findfont: score(<Font 'Tlwg Mono' (TlwgMono-BoldOblique.ttf) oblique normal 700 normal>) = 11.335
findfont: score(<Font 'Garuda' (Garuda-Bold.ttf) normal normal 700 normal>) = 10.335
findfont: score(<Font 'Lohit Devanagari' (Lohit-Devanagari.ttf) normal normal 400 normal>) = 10.05
findfont: score(<Font 'Dyuthi' (Dyuthi.ttf) normal normal 400 normal>) = 10.05
findfont: score(<Font 'Lohit Gurmukhi' (Lohit-Gurmukhi.ttf) normal normal 400 normal>) = 10.05
findfont: score(<Font 'KacstBook' (KacstBook.ttf) normal normal 500 normal>) = 10.145
findfont: score(<Font 'Samyak Gujarati' (Samyak-Gujarati.ttf) normal normal 500 normal>) = 10.145
findfont: score(<Font 'Chandas' (chandas1-2.ttf) normal normal 400 normal>) = 10.05
findfont: score(<Font 'Kinnari' (Kinnari-Oblique.ttf) oblique normal 500 normal>) = 11.145
findfont: score(<Font 'Kinnari' (Kinnari.ttf) normal normal 500 normal>) = 10.145
findfont: score(<Font 'Liberation Mono' (LiberationMono-BoldItalic.ttf) italic normal 700 normal>) = 11.335
findfont: score(<Font 'Norasi' (Norasi-BoldItalic.ttf) italic normal 700 normal>) = 11.335
findfont: score(<Font 'Tlwg Typo' (TlwgTypo-BoldOblique.ttf) oblique normal 700 normal>) = 11.335
findfont: score(<Font 'DejaVu Sans' (DejaVuSansCondensed-Bold.ttf) normal normal 700 condensed>) = 0.5349999999999999
findfont: score(<Font 'Norasi' (Norasi.ttf) normal normal 400 normal>) = 10.05
findfont: score(<Font 'Liberation Mono' (LiberationMono-Bold.ttf) normal normal 700 normal>) = 10.335
findfont: score(<Font 'Padauk' (Padauk-Regular.ttf) normal normal 400 normal>) = 10.05
findfont: score(<Font 'Tlwg Typist' (TlwgTypist-BoldOblique.ttf) oblique normal 700 normal>) = 11.335
findfont: score(<Font 'FreeMono' (FreeMonoOblique.ttf) oblique normal 400 normal>) = 11.05
findfont: score(<Font 'Kalapi' (Kalapi.ttf) normal normal 400 normal>) = 10.05
findfont: score(<Font 'KacstPoster' (KacstPoster.ttf) normal normal 500 normal>) = 10.145
findfont: score(<Font 'Liberation Mono' (LiberationMono-Italic.ttf) italic normal 400 normal>) = 11.05
findfont: score(<Font 'Khmer OS System' (KhmerOSsys.ttf) normal normal 400 normal>) = 10.05
findfont: score(<Font 'Waree' (Waree.ttf) normal normal 400 normal>) = 10.05
findfont: score(<Font 'Ubuntu Condensed' (Ubuntu-C.ttf) normal normal 400 condensed>) = 10.25
findfont: score(<Font 'DejaVu Sans Mono' (DejaVuSansMono-Bold.ttf) normal normal 700 normal>) = 10.335
findfont: score(<Font 'DejaVu Serif' (DejaVuSerif-Bold.ttf) normal normal 700 normal>) = 10.335
findfont: score(<Font 'Sawasdee' (Sawasdee-Bold.ttf) normal normal 700 normal>) = 10.335
findfont: score(<Font 'Meera' (Meera.ttf) normal normal 400 normal>) = 10.05
findfont: score(<Font 'KacstScreen' (KacstScreen.ttf) normal normal 500 normal>) = 10.145
findfont: score(<Font 'DejaVu Serif' (DejaVuSerifCondensed-Bold.ttf) normal normal 700 condensed>) = 10.535
findfont: score(<Font 'Lohit Odia' (Lohit-Odia.ttf) normal normal 400 normal>) = 10.05
findfont: score(<Font 'Ubuntu' (Ubuntu-BI.ttf) italic normal 700 normal>) = 11.335
findfont: score(<Font 'Liberation Sans' (LiberationSans-BoldItalic.ttf) italic normal 700 normal>) = 11.335
findfont: score(<Font 'Ubuntu' (Ubuntu-MI.ttf) italic normal 500 normal>) = 11.145
findfont: score(<Font 'Padauk' (Padauk-Bold.ttf) normal normal 700 normal>) = 10.335
findfont: score(<Font 'Laksaman' (Laksaman-Italic.ttf) italic normal 400 normal>) = 11.05
findfont: score(<Font 'Liberation Serif' (LiberationSerif-Regular.ttf) normal normal 400 normal>) = 10.05
findfont: score(<Font 'Suruma' (Suruma.ttf) normal normal 500 normal>) = 10.145
findfont: score(<Font 'Umpush' (Umpush-Light.ttf) normal normal 300 normal>) = 10.145
findfont: score(<Font 'Noto Serif CJK JP' (NotoSerifCJK-Regular.ttc) normal normal 400 normal>) = 10.05
findfont: score(<Font 'Tlwg Typewriter' (TlwgTypewriter-BoldOblique.ttf) oblique normal 700 normal>) = 11.335
findfont: score(<Font 'Khmer OS' (KhmerOS.ttf) normal normal 400 normal>) = 10.05
findfont: score(<Font 'Tlwg Typist' (TlwgTypist-Bold.ttf) normal normal 700 normal>) = 10.335
findfont: score(<Font 'Liberation Sans' (LiberationSans-Bold.ttf) normal normal 700 normal>) = 10.335
findfont: score(<Font 'DejaVu Sans' (DejaVuSansCondensed.ttf) normal normal 400 condensed>) = 0.25
findfont: score(<Font 'Sawasdee' (Sawasdee-BoldOblique.ttf) oblique normal 700 normal>) = 11.335
findfont: score(<Font 'Rachana' (Rachana-Regular.ttf) normal normal 400 normal>) = 10.05
findfont: score(<Font 'AnjaliOldLipi' (AnjaliOldLipi.ttf) normal normal 400 normal>) = 10.05
findfont: score(<Font 'DejaVu Sans' (DejaVuSans.ttf) normal normal 400 normal>) = 0.05
findfont: score(<Font 'Lohit Gujarati' (Lohit-Gujarati.ttf) normal normal 400 normal>) = 10.05
findfont: score(<Font 'Liberation Sans Narrow' (LiberationSansNarrow-Italic.ttf) italic normal 400 condensed>) = 11.25
findfont: score(<Font 'Laksaman' (Laksaman-BoldItalic.ttf) italic normal 700 normal>) = 11.335
findfont: score(<Font 'Liberation Serif' (LiberationSerif-Regular.ttf) normal normal 400 normal>) = 10.05
findfont: score(<Font 'RaghuMalayalam' (RaghuMalayalamSans-Regular.ttf) normal normal 400 normal>) = 10.05
findfont: score(<Font 'Noto Mono' (NotoMono-Regular.ttf) normal normal 400 normal>) = 10.05
findfont: score(<Font 'Lohit Assamese' (Lohit-Assamese.ttf) normal normal 400 normal>) = 10.05
findfont: score(<Font 'Pagul' (Pagul.ttf) normal normal 400 normal>) = 10.05
findfont: score(<Font 'Garuda' (Garuda.ttf) normal normal 400 normal>) = 10.05
findfont: score(<Font 'Ubuntu Mono' (UbuntuMono-B.ttf) normal normal 700 normal>) = 10.335
findfont: score(<Font 'KacstLetter' (KacstLetter.ttf) normal normal 500 normal>) = 10.145
findfont: score(<Font 'Liberation Serif' (LiberationSerif-BoldItalic.ttf) italic normal 700 normal>) = 11.335
findfont: score(<Font 'Noto Sans CJK JP' (NotoSansCJK-Regular.ttc) normal normal 400 normal>) = 10.05
findfont: score(<Font 'Tibetan Machine Uni' (TibetanMachineUni.ttf) normal normal 400 normal>) = 10.05
findfont: score(<Font 'Ubuntu' (Ubuntu-RI.ttf) italic normal 400 normal>) = 11.05
findfont: score(<Font 'Padauk Book' (PadaukBook-Regular.ttf) normal normal 400 normal>) = 10.05
findfont: score(<Font 'FreeMono' (FreeMono.ttf) normal normal 400 normal>) = 10.05
findfont: score(<Font 'Manjari' (Manjari-Regular.otf) normal normal 400 normal>) = 10.05
findfont: score(<Font 'Waree' (Waree-BoldOblique.ttf) oblique normal 700 normal>) = 11.335
findfont: score(<Font 'Lohit Bengali' (Lohit-Bengali.ttf) normal normal 400 normal>) = 10.05
findfont: score(<Font 'OpenSymbol' (opens___.ttf) normal normal 400 normal>) = 10.05
findfont: score(<Font 'Karumbi' (Karumbi.ttf) normal normal 400 normal>) = 10.05
findfont: score(<Font 'Liberation Serif' (LiberationSerif-Italic.ttf) italic normal 400 normal>) = 11.05
findfont: score(<Font 'Gubbi' (Gubbi.ttf) normal normal 400 normal>) = 10.05
findfont: score(<Font 'DejaVu Sans' (DejaVuSans-ExtraLight.ttf) normal normal 200 normal>) = 0.24
findfont: score(<Font 'KacstNaskh' (KacstNaskh.ttf) normal normal 500 normal>) = 10.145
findfont: score(<Font 'Umpush' (Umpush-Oblique.ttf) oblique normal 400 normal>) = 11.05
findfont: score(<Font 'Tlwg Typist' (TlwgTypist-Oblique.ttf) oblique normal 500 normal>) = 11.145
findfont: score(<Font 'Samyak Devanagari' (Samyak-Devanagari.ttf) normal normal 500 normal>) = 10.145
findfont: score(<Font 'Waree' (Waree-Oblique.ttf) oblique normal 400 normal>) = 11.05
findfont: score(<Font 'DejaVu Sans Mono' (DejaVuSansMono-BoldOblique.ttf) oblique normal 700 normal>) = 11.335
findfont: score(<Font 'Keraleeyam' (Keraleeyam.ttf) normal normal 700 normal>) = 10.335
findfont: score(<Font 'Umpush' (Umpush-LightOblique.ttf) oblique normal 300 normal>) = 11.145
findfont: score(<Font 'Lohit Malayalam' (Lohit-Malayalam.ttf) normal normal 400 normal>) = 10.05
findfont: score(<Font 'Purisa' (Purisa.ttf) normal normal 400 normal>) = 10.05
findfont: score(<Font 'Liberation Mono' (LiberationMono-Bold.ttf) normal normal 700 normal>) = 10.335
findfont: score(<Font 'Ubuntu Mono' (UbuntuMono-RI.ttf) italic normal 400 normal>) = 11.05
findfont: score(<Font 'padmaa-Bold.1.1' (padmaa-Bold.1.1.ttf) normal normal 700 normal>) = 10.335
findfont: score(<Font 'DejaVu Sans' (DejaVuSans-BoldOblique.ttf) oblique normal 700 normal>) = 1.335
findfont: score(<Font 'Mukti Narrow' (MuktiNarrow.ttf) normal normal 400 normal>) = 10.05
findfont: score(<Font 'Liberation Sans Narrow' (LiberationSansNarrow-Regular.ttf) normal normal 400 condensed>) = 10.25
findfont: score(<Font 'Ubuntu' (Ubuntu-LI.ttf) italic normal 300 normal>) = 11.145
findfont: score(<Font 'Chilanka' (Chilanka-Regular.ttf) normal normal 400 normal>) = 10.05
findfont: score(<Font 'Purisa' (Purisa-Oblique.ttf) oblique normal 400 normal>) = 11.05
findfont: score(<Font 'Liberation Mono' (LiberationMono-Italic.ttf) italic normal 400 normal>) = 11.05
findfont: score(<Font 'Liberation Sans' (LiberationSans-Bold.ttf) normal normal 700 normal>) = 10.335
findfont: score(<Font 'KacstDecorative' (KacstDecorative.ttf) normal normal 500 normal>) = 10.145
findfont: score(<Font 'Tlwg Typo' (TlwgTypo-Oblique.ttf) oblique normal 500 normal>) = 11.145
findfont: score(<Font 'Lohit Tamil' (Lohit-Tamil.ttf) normal normal 400 normal>) = 10.05
findfont: score(<Font 'DejaVu Serif' (DejaVuSerif-BoldItalic.ttf) italic normal 700 normal>) = 11.335
findfont: score(<Font 'Ubuntu Mono' (UbuntuMono-BI.ttf) italic normal 700 normal>) = 11.335
findfont: score(<Font 'KacstQurn' (KacstQurn.ttf) normal normal 400 normal>) = 10.05
findfont: score(<Font 'Liberation Serif' (LiberationSerif-Bold.ttf) normal normal 700 normal>) = 10.335
findfont: score(<Font 'FreeSerif' (FreeSerifBold.ttf) normal normal 700 normal>) = 10.335
findfont: score(<Font 'Nakula' (nakula.ttf) normal normal 400 normal>) = 10.05
findfont: score(<Font 'Manjari' (Manjari-Thin.otf) normal normal 100 normal>) = 10.335
findfont: score(<Font 'KacstArt' (KacstArt.ttf) normal normal 500 normal>) = 10.145
findfont: score(<Font 'DejaVu Serif' (DejaVuSerif-Italic.ttf) italic normal 400 normal>) = 11.05
findfont: score(<Font 'Lohit Telugu' (Lohit-Telugu.ttf) normal normal 400 normal>) = 10.05
findfont: score(<Font 'Sahadeva' (sahadeva.ttf) normal normal 400 normal>) = 10.05
findfont: score(<Font 'Ubuntu Mono' (UbuntuMono-R.ttf) normal normal 400 normal>) = 10.05
findfont: score(<Font 'FreeSerif' (FreeSerifItalic.ttf) italic normal 400 normal>) = 11.05
findfont: score(<Font 'DejaVu Serif' (DejaVuSerifCondensed.ttf) normal normal 400 condensed>) = 10.25
findfont: score(<Font 'Liberation Sans Narrow' (LiberationSansNarrow-Bold.ttf) normal normal 700 condensed>) = 10.535
findfont: score(<Font 'Liberation Sans' (LiberationSans-Italic.ttf) italic normal 400 normal>) = 11.05
findfont: score(<Font 'Umpush' (Umpush.ttf) normal normal 400 normal>) = 10.05
findfont: score(<Font 'Padauk Book' (PadaukBook-Bold.ttf) normal normal 700 normal>) = 10.335
findfont: score(<Font 'Kinnari' (Kinnari-BoldOblique.ttf) oblique normal 700 normal>) = 11.335
findfont: score(<Font 'Laksaman' (Laksaman.ttf) normal normal 400 normal>) = 10.05
findfont: score(<Font 'Likhan' (LikhanNormal.ttf) normal normal 500 normal>) = 10.145
findfont: score(<Font 'Liberation Sans Narrow' (LiberationSansNarrow-BoldItalic.ttf) italic normal 700 condensed>) = 11.535
findfont: score(<Font 'DejaVu Math TeX Gyre' (DejaVuMathTeXGyre.ttf) normal normal 400 normal>) = 10.05
findfont: score(<Font 'KacstTitle' (KacstTitle.ttf) normal normal 500 normal>) = 10.145
findfont: score(<Font 'Samanata' (samanata.ttf) normal normal 400 normal>) = 10.05
findfont: score(<Font 'DejaVu Sans Mono' (DejaVuSansMono-Oblique.ttf) oblique normal 400 normal>) = 11.05
findfont: score(<Font 'Umpush' (Umpush-Bold.ttf) normal normal 700 normal>) = 10.335
findfont: score(<Font 'Kalimati' (kalimati.ttf) normal normal 400 normal>) = 10.05
findfont: score(<Font 'Umpush' (Umpush-BoldOblique.ttf) oblique normal 700 normal>) = 11.335
findfont: score(<Font 'Tlwg Typist' (TlwgTypist.ttf) normal normal 500 normal>) = 10.145
findfont: score(<Font 'Tlwg Typewriter' (TlwgTypewriter-Oblique.ttf) oblique normal 400 normal>) = 11.05
findfont: score(<Font 'Liberation Serif' (LiberationSerif-BoldItalic.ttf) italic normal 700 normal>) = 11.335
findfont: score(<Font 'Loma' (Loma-Oblique.ttf) oblique normal 400 normal>) = 11.05
findfont: score(<Font 'Abyssinica SIL' (AbyssinicaSIL-R.ttf) normal normal 400 normal>) = 10.05
findfont: score(<Font 'Norasi' (Norasi-Oblique.ttf) oblique normal 400 normal>) = 11.05
findfont: score(<Font 'DejaVu Serif' (DejaVuSerifCondensed-BoldItalic.ttf) italic normal 700 condensed>) = 11.535
findfont: score(<Font 'Lohit Kannada' (Lohit-Kannada.ttf) normal normal 400 normal>) = 10.05
findfont: score(<Font 'Purisa' (Purisa-Bold.ttf) normal normal 700 normal>) = 10.335
findfont: score(<Font 'Saab' (Saab.ttf) normal normal 400 normal>) = 10.05
findfont: score(<Font 'mry_KacstQurn' (mry_KacstQurn.ttf) normal normal 400 normal>) = 10.05
findfont: score(<Font 'Garuda' (Garuda-BoldOblique.ttf) oblique normal 700 normal>) = 11.335
findfont: score(<Font 'Droid Sans Fallback' (DroidSansFallbackFull.ttf) normal normal 400 normal>) = 10.05
findfont: score(<Font 'Vemana2000' (vemana2000.ttf) normal normal 400 normal>) = 10.05
findfont: score(<Font 'Navilu' (Navilu.ttf) normal normal 400 normal>) = 10.05
findfont: score(<Font 'Purisa' (Purisa-BoldOblique.ttf) oblique normal 700 normal>) = 11.335
findfont: score(<Font 'Sarai' (Sarai.ttf) normal normal 400 normal>) = 10.05
findfont: score(<Font 'Mitra Mono' (mitra.ttf) normal normal 400 normal>) = 10.05
findfont: score(<Font 'padmaa' (padmaa-Medium-0.5.ttf) normal normal 500 normal>) = 10.145
findfont: score(<Font 'Liberation Sans' (LiberationSans-Regular.ttf) normal normal 400 normal>) = 10.05
findfont: score(<Font 'Loma' (Loma-BoldOblique.ttf) oblique normal 700 normal>) = 11.335
findfont: score(<Font 'DejaVu Sans' (DejaVuSans-Bold.ttf) normal normal 700 normal>) = 0.33499999999999996
findfont: score(<Font 'FreeSerif' (FreeSerif.ttf) normal normal 400 normal>) = 10.05
findfont: score(<Font 'Tlwg Typewriter' (TlwgTypewriter-Bold.ttf) normal normal 700 normal>) = 10.335
findfont: score(<Font 'Liberation Mono' (LiberationMono-Regular.ttf) normal normal 400 normal>) = 10.05
findfont: score(<Font 'Sawasdee' (Sawasdee-Oblique.ttf) oblique normal 400 normal>) = 11.05
findfont: score(<Font 'Liberation Mono' (LiberationMono-Regular.ttf) normal normal 400 normal>) = 10.05
findfont: score(<Font 'ori1Uni' (utkal.ttf) normal normal 500 normal>) = 10.145
findfont: score(<Font 'FreeSans' (FreeSans.ttf) normal normal 400 normal>) = 10.05
findfont: score(<Font 'FreeMono' (FreeMonoBold.ttf) normal normal 700 normal>) = 10.335
findfont: score(<Font 'Rekha' (Rekha.ttf) normal normal 500 normal>) = 10.145
findfont: score(<Font 'DejaVu Sans' (DejaVuSans-Oblique.ttf) oblique normal 400 normal>) = 1.05
findfont: Matching sans\-serif:style=normal:variant=normal:weight=normal:stretch=normal:size=10.0 to DejaVu Sans ('/home/mehdi/anaconda3/envs/carla_env/lib/python3.7/site-packages/matplotlib/mpl-data/fonts/ttf/DejaVuSans.ttf') with score of 0.050000.
findfont: Matching sans\-serif:style=normal:variant=normal:weight=normal:stretch=normal:size=18.0.
findfont: score(<Font 'STIXSizeFiveSym' (STIXSizFiveSymReg.ttf) normal normal 400 normal>) = 10.05
findfont: score(<Font 'DejaVu Sans' (DejaVuSans.ttf) normal normal 400 normal>) = 0.05
findfont: score(<Font 'STIXSizeFourSym' (STIXSizFourSymReg.ttf) normal normal 400 normal>) = 10.05
findfont: score(<Font 'DejaVu Serif' (DejaVuSerif-Bold.ttf) normal normal 700 normal>) = 10.335
findfont: score(<Font 'STIXSizeThreeSym' (STIXSizThreeSymBol.ttf) normal normal 700 normal>) = 10.335
findfont: score(<Font 'cmr10' (cmr10.ttf) normal normal 400 normal>) = 10.05
findfont: score(<Font 'STIXSizeFourSym' (STIXSizFourSymBol.ttf) normal normal 700 normal>) = 10.335
findfont: score(<Font 'STIXGeneral' (STIXGeneralBol.ttf) normal normal 700 normal>) = 10.335
findfont: score(<Font 'DejaVu Serif Display' (DejaVuSerifDisplay.ttf) normal normal 400 normal>) = 10.05
findfont: score(<Font 'DejaVu Sans' (DejaVuSans-Bold.ttf) normal normal 700 normal>) = 0.33499999999999996
findfont: score(<Font 'STIXSizeOneSym' (STIXSizOneSymReg.ttf) normal normal 400 normal>) = 10.05
findfont: score(<Font 'STIXGeneral' (STIXGeneralBolIta.ttf) italic normal 700 normal>) = 11.335
findfont: score(<Font 'DejaVu Sans Display' (DejaVuSansDisplay.ttf) normal normal 400 normal>) = 10.05
findfont: score(<Font 'DejaVu Serif' (DejaVuSerif-BoldItalic.ttf) italic normal 700 normal>) = 11.335
findfont: score(<Font 'cmex10' (cmex10.ttf) normal normal 400 normal>) = 10.05
findfont: score(<Font 'STIXNonUnicode' (STIXNonUniBol.ttf) normal normal 700 normal>) = 10.335
findfont: score(<Font 'cmss10' (cmss10.ttf) normal normal 400 normal>) = 10.05
findfont: score(<Font 'STIXNonUnicode' (STIXNonUniBolIta.ttf) italic normal 700 normal>) = 11.335
findfont: score(<Font 'DejaVu Sans Mono' (DejaVuSansMono.ttf) normal normal 400 normal>) = 10.05
findfont: score(<Font 'STIXSizeOneSym' (STIXSizOneSymBol.ttf) normal normal 700 normal>) = 10.335
findfont: score(<Font 'STIXSizeThreeSym' (STIXSizThreeSymReg.ttf) normal normal 400 normal>) = 10.05
findfont: score(<Font 'DejaVu Sans Mono' (DejaVuSansMono-BoldOblique.ttf) oblique normal 700 normal>) = 11.335
findfont: score(<Font 'DejaVu Serif' (DejaVuSerif.ttf) normal normal 400 normal>) = 10.05
findfont: score(<Font 'STIXSizeTwoSym' (STIXSizTwoSymReg.ttf) normal normal 400 normal>) = 10.05
findfont: score(<Font 'DejaVu Sans Mono' (DejaVuSansMono-Bold.ttf) normal normal 700 normal>) = 10.335
findfont: score(<Font 'cmsy10' (cmsy10.ttf) normal normal 400 normal>) = 10.05
findfont: score(<Font 'STIXGeneral' (STIXGeneral.ttf) normal normal 400 normal>) = 10.05
findfont: score(<Font 'cmb10' (cmb10.ttf) normal normal 400 normal>) = 10.05
findfont: score(<Font 'DejaVu Serif' (DejaVuSerif-Italic.ttf) italic normal 400 normal>) = 11.05
findfont: score(<Font 'cmtt10' (cmtt10.ttf) normal normal 400 normal>) = 10.05
findfont: score(<Font 'STIXNonUnicode' (STIXNonUni.ttf) normal normal 400 normal>) = 10.05
findfont: score(<Font 'DejaVu Sans' (DejaVuSans-Oblique.ttf) oblique normal 400 normal>) = 1.05
findfont: score(<Font 'STIXGeneral' (STIXGeneralItalic.ttf) italic normal 400 normal>) = 11.05
findfont: score(<Font 'cmmi10' (cmmi10.ttf) normal normal 400 normal>) = 10.05
findfont: score(<Font 'STIXSizeTwoSym' (STIXSizTwoSymBol.ttf) normal normal 700 normal>) = 10.335
findfont: score(<Font 'DejaVu Sans' (DejaVuSans-BoldOblique.ttf) oblique normal 700 normal>) = 1.335
findfont: score(<Font 'DejaVu Sans Mono' (DejaVuSansMono-Oblique.ttf) oblique normal 400 normal>) = 11.05
findfont: score(<Font 'STIXNonUnicode' (STIXNonUniIta.ttf) italic normal 400 normal>) = 11.05
findfont: score(<Font 'Ani' (ani.ttf) normal normal 400 normal>) = 10.05
findfont: score(<Font 'KacstOffice' (KacstOffice.ttf) normal normal 500 normal>) = 10.145
findfont: score(<Font 'Tlwg Typo' (TlwgTypo-Bold.ttf) normal normal 700 normal>) = 10.335
findfont: score(<Font 'Uroob' (Uroob.ttf) normal normal 700 normal>) = 10.335
findfont: score(<Font 'DejaVu Serif' (DejaVuSerif.ttf) normal normal 400 normal>) = 10.05
findfont: score(<Font 'Liberation Serif' (LiberationSerif-Italic.ttf) italic normal 400 normal>) = 11.05
findfont: score(<Font 'padmaa' (padmaa.ttf) normal normal 500 normal>) = 10.145
findfont: score(<Font 'Norasi' (Norasi-Italic.ttf) italic normal 400 normal>) = 11.05
findfont: score(<Font 'Ubuntu' (Ubuntu-L.ttf) normal normal 300 normal>) = 10.145
findfont: score(<Font 'Norasi' (Norasi-Bold.ttf) normal normal 700 normal>) = 10.335
findfont: score(<Font 'Tlwg Typo' (TlwgTypo.ttf) normal normal 500 normal>) = 10.145
findfont: score(<Font 'Liberation Sans' (LiberationSans-Regular.ttf) normal normal 400 normal>) = 10.05
findfont: score(<Font 'Loma' (Loma-Bold.ttf) normal normal 700 normal>) = 10.335
findfont: score(<Font 'Loma' (Loma.ttf) normal normal 400 normal>) = 10.05
findfont: score(<Font 'aakar' (aakar-medium.ttf) normal normal 500 normal>) = 10.145
findfont: score(<Font 'Samyak Tamil' (Samyak-Tamil.ttf) normal normal 500 normal>) = 10.145
findfont: score(<Font 'KacstOne' (KacstOne-Bold.ttf) normal normal 700 normal>) = 10.335
findfont: score(<Font 'LKLUG' (lklug.ttf) normal normal 400 normal>) = 10.05
findfont: score(<Font 'Ubuntu' (Ubuntu-B.ttf) normal normal 700 normal>) = 10.335
findfont: score(<Font 'Liberation Sans' (LiberationSans-BoldItalic.ttf) italic normal 700 normal>) = 11.335
findfont: score(<Font 'Waree' (Waree-Bold.ttf) normal normal 700 normal>) = 10.335
findfont: score(<Font 'FreeSans' (FreeSansOblique.ttf) oblique normal 400 normal>) = 11.05
findfont: score(<Font 'KacstTitleL' (KacstTitleL.ttf) normal normal 400 normal>) = 10.05
findfont: score(<Font 'DejaVu Serif' (DejaVuSerifCondensed-Italic.ttf) italic normal 400 condensed>) = 11.25
findfont: score(<Font 'Sawasdee' (Sawasdee.ttf) normal normal 400 normal>) = 10.05
findfont: score(<Font 'FreeSerif' (FreeSerifBoldItalic.ttf) italic normal 700 normal>) = 11.335
findfont: score(<Font 'Lohit Tamil Classical' (Lohit-Tamil-Classical.ttf) normal normal 400 normal>) = 10.05
findfont: score(<Font 'Liberation Sans' (LiberationSans-Italic.ttf) italic normal 400 normal>) = 11.05
findfont: score(<Font 'Liberation Mono' (LiberationMono-BoldItalic.ttf) italic normal 700 normal>) = 11.335
findfont: score(<Font 'Ubuntu' (Ubuntu-M.ttf) normal normal 500 normal>) = 10.145
findfont: score(<Font 'DejaVu Sans' (DejaVuSansCondensed-BoldOblique.ttf) oblique normal 700 condensed>) = 1.535
findfont: score(<Font 'KacstPen' (KacstPen.ttf) normal normal 500 normal>) = 10.145
findfont: score(<Font 'KacstDigital' (KacstDigital.ttf) normal normal 500 normal>) = 10.145
findfont: score(<Font 'Noto Sans CJK JP' (NotoSansCJK-Bold.ttc) normal normal 700 normal>) = 10.335
findfont: score(<Font 'Tlwg Mono' (TlwgMono.ttf) normal normal 500 normal>) = 10.145
findfont: score(<Font 'Tlwg Mono' (TlwgMono-Bold.ttf) normal normal 700 normal>) = 10.335
findfont: score(<Font 'KacstOne' (KacstOne.ttf) normal normal 400 normal>) = 10.05
findfont: score(<Font 'DejaVu Sans Mono' (DejaVuSansMono.ttf) normal normal 400 normal>) = 10.05
findfont: score(<Font 'FreeSans' (FreeSansBoldOblique.ttf) oblique normal 600 normal>) = 11.24
findfont: score(<Font 'Phetsarath OT' (Phetsarath_OT.ttf) normal normal 400 normal>) = 10.05
findfont: score(<Font 'Mukti Narrow' (MuktiNarrowBold.ttf) normal normal 700 normal>) = 10.335
findfont: score(<Font 'Laksaman' (Laksaman-Bold.ttf) normal normal 700 normal>) = 10.335
findfont: score(<Font 'Kinnari' (Kinnari-Italic.ttf) italic normal 500 normal>) = 11.145
findfont: score(<Font 'DejaVu Sans' (DejaVuSansCondensed-Oblique.ttf) oblique normal 400 condensed>) = 1.25
findfont: score(<Font 'Liberation Serif' (LiberationSerif-Bold.ttf) normal normal 700 normal>) = 10.335
findfont: score(<Font 'Gargi' (Gargi.ttf) normal normal 400 normal>) = 10.05
findfont: score(<Font 'Pothana2000' (Pothana2000.ttf) normal normal 400 normal>) = 10.05
findfont: score(<Font 'Ubuntu' (Ubuntu-R.ttf) normal normal 400 normal>) = 10.05
findfont: score(<Font 'FreeMono' (FreeMonoBoldOblique.ttf) oblique normal 700 normal>) = 11.335
findfont: score(<Font 'Noto Serif CJK JP' (NotoSerifCJK-Bold.ttc) normal normal 700 normal>) = 10.335
findfont: score(<Font 'FreeSans' (FreeSansBold.ttf) normal normal 600 normal>) = 10.24
findfont: score(<Font 'KacstFarsi' (KacstFarsi.ttf) normal normal 500 normal>) = 10.145
findfont: score(<Font 'Garuda' (Garuda-Oblique.ttf) oblique normal 400 normal>) = 11.05
findfont: score(<Font 'Rachana' (Rachana-Bold.ttf) normal normal 700 normal>) = 10.335
findfont: score(<Font 'Kinnari' (Kinnari-Bold.ttf) normal normal 700 normal>) = 10.335
findfont: score(<Font 'Manjari' (Manjari-Bold.otf) normal normal 700 normal>) = 10.335
findfont: score(<Font 'Samyak Malayalam' (Samyak-Malayalam.ttf) normal normal 400 normal>) = 10.05
findfont: score(<Font 'Jamrul' (JamrulNormal.ttf) normal normal 500 normal>) = 10.145
findfont: score(<Font 'Norasi' (Norasi-BoldOblique.ttf) oblique normal 700 normal>) = 11.335
findfont: score(<Font 'Tlwg Mono' (TlwgMono-Oblique.ttf) oblique normal 400 normal>) = 11.05
findfont: score(<Font 'Kinnari' (Kinnari-BoldItalic.ttf) italic normal 700 normal>) = 11.335
findfont: score(<Font 'Tlwg Typewriter' (TlwgTypewriter.ttf) normal normal 500 normal>) = 10.145
findfont: score(<Font 'Tlwg Mono' (TlwgMono-BoldOblique.ttf) oblique normal 700 normal>) = 11.335
findfont: score(<Font 'Garuda' (Garuda-Bold.ttf) normal normal 700 normal>) = 10.335
findfont: score(<Font 'Lohit Devanagari' (Lohit-Devanagari.ttf) normal normal 400 normal>) = 10.05
findfont: score(<Font 'Dyuthi' (Dyuthi.ttf) normal normal 400 normal>) = 10.05
findfont: score(<Font 'Lohit Gurmukhi' (Lohit-Gurmukhi.ttf) normal normal 400 normal>) = 10.05
findfont: score(<Font 'KacstBook' (KacstBook.ttf) normal normal 500 normal>) = 10.145
findfont: score(<Font 'Samyak Gujarati' (Samyak-Gujarati.ttf) normal normal 500 normal>) = 10.145
findfont: score(<Font 'Chandas' (chandas1-2.ttf) normal normal 400 normal>) = 10.05
findfont: score(<Font 'Kinnari' (Kinnari-Oblique.ttf) oblique normal 500 normal>) = 11.145
findfont: score(<Font 'Kinnari' (Kinnari.ttf) normal normal 500 normal>) = 10.145
findfont: score(<Font 'Liberation Mono' (LiberationMono-BoldItalic.ttf) italic normal 700 normal>) = 11.335
findfont: score(<Font 'Norasi' (Norasi-BoldItalic.ttf) italic normal 700 normal>) = 11.335
findfont: score(<Font 'Tlwg Typo' (TlwgTypo-BoldOblique.ttf) oblique normal 700 normal>) = 11.335
findfont: score(<Font 'DejaVu Sans' (DejaVuSansCondensed-Bold.ttf) normal normal 700 condensed>) = 0.5349999999999999
findfont: score(<Font 'Norasi' (Norasi.ttf) normal normal 400 normal>) = 10.05
findfont: score(<Font 'Liberation Mono' (LiberationMono-Bold.ttf) normal normal 700 normal>) = 10.335
findfont: score(<Font 'Padauk' (Padauk-Regular.ttf) normal normal 400 normal>) = 10.05
findfont: score(<Font 'Tlwg Typist' (TlwgTypist-BoldOblique.ttf) oblique normal 700 normal>) = 11.335
findfont: score(<Font 'FreeMono' (FreeMonoOblique.ttf) oblique normal 400 normal>) = 11.05
findfont: score(<Font 'Kalapi' (Kalapi.ttf) normal normal 400 normal>) = 10.05
findfont: score(<Font 'KacstPoster' (KacstPoster.ttf) normal normal 500 normal>) = 10.145
findfont: score(<Font 'Liberation Mono' (LiberationMono-Italic.ttf) italic normal 400 normal>) = 11.05
findfont: score(<Font 'Khmer OS System' (KhmerOSsys.ttf) normal normal 400 normal>) = 10.05
findfont: score(<Font 'Waree' (Waree.ttf) normal normal 400 normal>) = 10.05
findfont: score(<Font 'Ubuntu Condensed' (Ubuntu-C.ttf) normal normal 400 condensed>) = 10.25
findfont: score(<Font 'DejaVu Sans Mono' (DejaVuSansMono-Bold.ttf) normal normal 700 normal>) = 10.335
findfont: score(<Font 'DejaVu Serif' (DejaVuSerif-Bold.ttf) normal normal 700 normal>) = 10.335
findfont: score(<Font 'Sawasdee' (Sawasdee-Bold.ttf) normal normal 700 normal>) = 10.335
findfont: score(<Font 'Meera' (Meera.ttf) normal normal 400 normal>) = 10.05
findfont: score(<Font 'KacstScreen' (KacstScreen.ttf) normal normal 500 normal>) = 10.145
findfont: score(<Font 'DejaVu Serif' (DejaVuSerifCondensed-Bold.ttf) normal normal 700 condensed>) = 10.535
findfont: score(<Font 'Lohit Odia' (Lohit-Odia.ttf) normal normal 400 normal>) = 10.05
findfont: score(<Font 'Ubuntu' (Ubuntu-BI.ttf) italic normal 700 normal>) = 11.335
findfont: score(<Font 'Liberation Sans' (LiberationSans-BoldItalic.ttf) italic normal 700 normal>) = 11.335
findfont: score(<Font 'Ubuntu' (Ubuntu-MI.ttf) italic normal 500 normal>) = 11.145
findfont: score(<Font 'Padauk' (Padauk-Bold.ttf) normal normal 700 normal>) = 10.335
findfont: score(<Font 'Laksaman' (Laksaman-Italic.ttf) italic normal 400 normal>) = 11.05
findfont: score(<Font 'Liberation Serif' (LiberationSerif-Regular.ttf) normal normal 400 normal>) = 10.05
findfont: score(<Font 'Suruma' (Suruma.ttf) normal normal 500 normal>) = 10.145
findfont: score(<Font 'Umpush' (Umpush-Light.ttf) normal normal 300 normal>) = 10.145
findfont: score(<Font 'Noto Serif CJK JP' (NotoSerifCJK-Regular.ttc) normal normal 400 normal>) = 10.05
findfont: score(<Font 'Tlwg Typewriter' (TlwgTypewriter-BoldOblique.ttf) oblique normal 700 normal>) = 11.335
findfont: score(<Font 'Khmer OS' (KhmerOS.ttf) normal normal 400 normal>) = 10.05
findfont: score(<Font 'Tlwg Typist' (TlwgTypist-Bold.ttf) normal normal 700 normal>) = 10.335
findfont: score(<Font 'Liberation Sans' (LiberationSans-Bold.ttf) normal normal 700 normal>) = 10.335
findfont: score(<Font 'DejaVu Sans' (DejaVuSansCondensed.ttf) normal normal 400 condensed>) = 0.25
findfont: score(<Font 'Sawasdee' (Sawasdee-BoldOblique.ttf) oblique normal 700 normal>) = 11.335
findfont: score(<Font 'Rachana' (Rachana-Regular.ttf) normal normal 400 normal>) = 10.05
findfont: score(<Font 'AnjaliOldLipi' (AnjaliOldLipi.ttf) normal normal 400 normal>) = 10.05
findfont: score(<Font 'DejaVu Sans' (DejaVuSans.ttf) normal normal 400 normal>) = 0.05
findfont: score(<Font 'Lohit Gujarati' (Lohit-Gujarati.ttf) normal normal 400 normal>) = 10.05
findfont: score(<Font 'Liberation Sans Narrow' (LiberationSansNarrow-Italic.ttf) italic normal 400 condensed>) = 11.25
findfont: score(<Font 'Laksaman' (Laksaman-BoldItalic.ttf) italic normal 700 normal>) = 11.335
findfont: score(<Font 'Liberation Serif' (LiberationSerif-Regular.ttf) normal normal 400 normal>) = 10.05
findfont: score(<Font 'RaghuMalayalam' (RaghuMalayalamSans-Regular.ttf) normal normal 400 normal>) = 10.05
findfont: score(<Font 'Noto Mono' (NotoMono-Regular.ttf) normal normal 400 normal>) = 10.05
findfont: score(<Font 'Lohit Assamese' (Lohit-Assamese.ttf) normal normal 400 normal>) = 10.05
findfont: score(<Font 'Pagul' (Pagul.ttf) normal normal 400 normal>) = 10.05
findfont: score(<Font 'Garuda' (Garuda.ttf) normal normal 400 normal>) = 10.05
findfont: score(<Font 'Ubuntu Mono' (UbuntuMono-B.ttf) normal normal 700 normal>) = 10.335
findfont: score(<Font 'KacstLetter' (KacstLetter.ttf) normal normal 500 normal>) = 10.145
findfont: score(<Font 'Liberation Serif' (LiberationSerif-BoldItalic.ttf) italic normal 700 normal>) = 11.335
findfont: score(<Font 'Noto Sans CJK JP' (NotoSansCJK-Regular.ttc) normal normal 400 normal>) = 10.05
findfont: score(<Font 'Tibetan Machine Uni' (TibetanMachineUni.ttf) normal normal 400 normal>) = 10.05
findfont: score(<Font 'Ubuntu' (Ubuntu-RI.ttf) italic normal 400 normal>) = 11.05
findfont: score(<Font 'Padauk Book' (PadaukBook-Regular.ttf) normal normal 400 normal>) = 10.05
findfont: score(<Font 'FreeMono' (FreeMono.ttf) normal normal 400 normal>) = 10.05
findfont: score(<Font 'Manjari' (Manjari-Regular.otf) normal normal 400 normal>) = 10.05
findfont: score(<Font 'Waree' (Waree-BoldOblique.ttf) oblique normal 700 normal>) = 11.335
findfont: score(<Font 'Lohit Bengali' (Lohit-Bengali.ttf) normal normal 400 normal>) = 10.05
findfont: score(<Font 'OpenSymbol' (opens___.ttf) normal normal 400 normal>) = 10.05
findfont: score(<Font 'Karumbi' (Karumbi.ttf) normal normal 400 normal>) = 10.05
findfont: score(<Font 'Liberation Serif' (LiberationSerif-Italic.ttf) italic normal 400 normal>) = 11.05
findfont: score(<Font 'Gubbi' (Gubbi.ttf) normal normal 400 normal>) = 10.05
findfont: score(<Font 'DejaVu Sans' (DejaVuSans-ExtraLight.ttf) normal normal 200 normal>) = 0.24
findfont: score(<Font 'KacstNaskh' (KacstNaskh.ttf) normal normal 500 normal>) = 10.145
findfont: score(<Font 'Umpush' (Umpush-Oblique.ttf) oblique normal 400 normal>) = 11.05
findfont: score(<Font 'Tlwg Typist' (TlwgTypist-Oblique.ttf) oblique normal 500 normal>) = 11.145
findfont: score(<Font 'Samyak Devanagari' (Samyak-Devanagari.ttf) normal normal 500 normal>) = 10.145
findfont: score(<Font 'Waree' (Waree-Oblique.ttf) oblique normal 400 normal>) = 11.05
findfont: score(<Font 'DejaVu Sans Mono' (DejaVuSansMono-BoldOblique.ttf) oblique normal 700 normal>) = 11.335
findfont: score(<Font 'Keraleeyam' (Keraleeyam.ttf) normal normal 700 normal>) = 10.335
findfont: score(<Font 'Umpush' (Umpush-LightOblique.ttf) oblique normal 300 normal>) = 11.145
findfont: score(<Font 'Lohit Malayalam' (Lohit-Malayalam.ttf) normal normal 400 normal>) = 10.05
findfont: score(<Font 'Purisa' (Purisa.ttf) normal normal 400 normal>) = 10.05
findfont: score(<Font 'Liberation Mono' (LiberationMono-Bold.ttf) normal normal 700 normal>) = 10.335
findfont: score(<Font 'Ubuntu Mono' (UbuntuMono-RI.ttf) italic normal 400 normal>) = 11.05
findfont: score(<Font 'padmaa-Bold.1.1' (padmaa-Bold.1.1.ttf) normal normal 700 normal>) = 10.335
findfont: score(<Font 'DejaVu Sans' (DejaVuSans-BoldOblique.ttf) oblique normal 700 normal>) = 1.335
findfont: score(<Font 'Mukti Narrow' (MuktiNarrow.ttf) normal normal 400 normal>) = 10.05
findfont: score(<Font 'Liberation Sans Narrow' (LiberationSansNarrow-Regular.ttf) normal normal 400 condensed>) = 10.25
findfont: score(<Font 'Ubuntu' (Ubuntu-LI.ttf) italic normal 300 normal>) = 11.145
findfont: score(<Font 'Chilanka' (Chilanka-Regular.ttf) normal normal 400 normal>) = 10.05
findfont: score(<Font 'Purisa' (Purisa-Oblique.ttf) oblique normal 400 normal>) = 11.05
findfont: score(<Font 'Liberation Mono' (LiberationMono-Italic.ttf) italic normal 400 normal>) = 11.05
findfont: score(<Font 'Liberation Sans' (LiberationSans-Bold.ttf) normal normal 700 normal>) = 10.335
findfont: score(<Font 'KacstDecorative' (KacstDecorative.ttf) normal normal 500 normal>) = 10.145
findfont: score(<Font 'Tlwg Typo' (TlwgTypo-Oblique.ttf) oblique normal 500 normal>) = 11.145
findfont: score(<Font 'Lohit Tamil' (Lohit-Tamil.ttf) normal normal 400 normal>) = 10.05
findfont: score(<Font 'DejaVu Serif' (DejaVuSerif-BoldItalic.ttf) italic normal 700 normal>) = 11.335
findfont: score(<Font 'Ubuntu Mono' (UbuntuMono-BI.ttf) italic normal 700 normal>) = 11.335
findfont: score(<Font 'KacstQurn' (KacstQurn.ttf) normal normal 400 normal>) = 10.05
findfont: score(<Font 'Liberation Serif' (LiberationSerif-Bold.ttf) normal normal 700 normal>) = 10.335
findfont: score(<Font 'FreeSerif' (FreeSerifBold.ttf) normal normal 700 normal>) = 10.335
findfont: score(<Font 'Nakula' (nakula.ttf) normal normal 400 normal>) = 10.05
findfont: score(<Font 'Manjari' (Manjari-Thin.otf) normal normal 100 normal>) = 10.335
findfont: score(<Font 'KacstArt' (KacstArt.ttf) normal normal 500 normal>) = 10.145
findfont: score(<Font 'DejaVu Serif' (DejaVuSerif-Italic.ttf) italic normal 400 normal>) = 11.05
findfont: score(<Font 'Lohit Telugu' (Lohit-Telugu.ttf) normal normal 400 normal>) = 10.05
findfont: score(<Font 'Sahadeva' (sahadeva.ttf) normal normal 400 normal>) = 10.05
findfont: score(<Font 'Ubuntu Mono' (UbuntuMono-R.ttf) normal normal 400 normal>) = 10.05
findfont: score(<Font 'FreeSerif' (FreeSerifItalic.ttf) italic normal 400 normal>) = 11.05
findfont: score(<Font 'DejaVu Serif' (DejaVuSerifCondensed.ttf) normal normal 400 condensed>) = 10.25
findfont: score(<Font 'Liberation Sans Narrow' (LiberationSansNarrow-Bold.ttf) normal normal 700 condensed>) = 10.535
findfont: score(<Font 'Liberation Sans' (LiberationSans-Italic.ttf) italic normal 400 normal>) = 11.05
findfont: score(<Font 'Umpush' (Umpush.ttf) normal normal 400 normal>) = 10.05
findfont: score(<Font 'Padauk Book' (PadaukBook-Bold.ttf) normal normal 700 normal>) = 10.335
findfont: score(<Font 'Kinnari' (Kinnari-BoldOblique.ttf) oblique normal 700 normal>) = 11.335
findfont: score(<Font 'Laksaman' (Laksaman.ttf) normal normal 400 normal>) = 10.05
findfont: score(<Font 'Likhan' (LikhanNormal.ttf) normal normal 500 normal>) = 10.145
findfont: score(<Font 'Liberation Sans Narrow' (LiberationSansNarrow-BoldItalic.ttf) italic normal 700 condensed>) = 11.535
findfont: score(<Font 'DejaVu Math TeX Gyre' (DejaVuMathTeXGyre.ttf) normal normal 400 normal>) = 10.05
findfont: score(<Font 'KacstTitle' (KacstTitle.ttf) normal normal 500 normal>) = 10.145
findfont: score(<Font 'Samanata' (samanata.ttf) normal normal 400 normal>) = 10.05
findfont: score(<Font 'DejaVu Sans Mono' (DejaVuSansMono-Oblique.ttf) oblique normal 400 normal>) = 11.05
findfont: score(<Font 'Umpush' (Umpush-Bold.ttf) normal normal 700 normal>) = 10.335
findfont: score(<Font 'Kalimati' (kalimati.ttf) normal normal 400 normal>) = 10.05
findfont: score(<Font 'Umpush' (Umpush-BoldOblique.ttf) oblique normal 700 normal>) = 11.335
findfont: score(<Font 'Tlwg Typist' (TlwgTypist.ttf) normal normal 500 normal>) = 10.145
findfont: score(<Font 'Tlwg Typewriter' (TlwgTypewriter-Oblique.ttf) oblique normal 400 normal>) = 11.05
findfont: score(<Font 'Liberation Serif' (LiberationSerif-BoldItalic.ttf) italic normal 700 normal>) = 11.335
findfont: score(<Font 'Loma' (Loma-Oblique.ttf) oblique normal 400 normal>) = 11.05
findfont: score(<Font 'Abyssinica SIL' (AbyssinicaSIL-R.ttf) normal normal 400 normal>) = 10.05
findfont: score(<Font 'Norasi' (Norasi-Oblique.ttf) oblique normal 400 normal>) = 11.05
findfont: score(<Font 'DejaVu Serif' (DejaVuSerifCondensed-BoldItalic.ttf) italic normal 700 condensed>) = 11.535
findfont: score(<Font 'Lohit Kannada' (Lohit-Kannada.ttf) normal normal 400 normal>) = 10.05
findfont: score(<Font 'Purisa' (Purisa-Bold.ttf) normal normal 700 normal>) = 10.335
findfont: score(<Font 'Saab' (Saab.ttf) normal normal 400 normal>) = 10.05
findfont: score(<Font 'mry_KacstQurn' (mry_KacstQurn.ttf) normal normal 400 normal>) = 10.05
findfont: score(<Font 'Garuda' (Garuda-BoldOblique.ttf) oblique normal 700 normal>) = 11.335
findfont: score(<Font 'Droid Sans Fallback' (DroidSansFallbackFull.ttf) normal normal 400 normal>) = 10.05
findfont: score(<Font 'Vemana2000' (vemana2000.ttf) normal normal 400 normal>) = 10.05
findfont: score(<Font 'Navilu' (Navilu.ttf) normal normal 400 normal>) = 10.05
findfont: score(<Font 'Purisa' (Purisa-BoldOblique.ttf) oblique normal 700 normal>) = 11.335
findfont: score(<Font 'Sarai' (Sarai.ttf) normal normal 400 normal>) = 10.05
findfont: score(<Font 'Mitra Mono' (mitra.ttf) normal normal 400 normal>) = 10.05
findfont: score(<Font 'padmaa' (padmaa-Medium-0.5.ttf) normal normal 500 normal>) = 10.145
findfont: score(<Font 'Liberation Sans' (LiberationSans-Regular.ttf) normal normal 400 normal>) = 10.05
findfont: score(<Font 'Loma' (Loma-BoldOblique.ttf) oblique normal 700 normal>) = 11.335
findfont: score(<Font 'DejaVu Sans' (DejaVuSans-Bold.ttf) normal normal 700 normal>) = 0.33499999999999996
findfont: score(<Font 'FreeSerif' (FreeSerif.ttf) normal normal 400 normal>) = 10.05
findfont: score(<Font 'Tlwg Typewriter' (TlwgTypewriter-Bold.ttf) normal normal 700 normal>) = 10.335
findfont: score(<Font 'Liberation Mono' (LiberationMono-Regular.ttf) normal normal 400 normal>) = 10.05
findfont: score(<Font 'Sawasdee' (Sawasdee-Oblique.ttf) oblique normal 400 normal>) = 11.05
findfont: score(<Font 'Liberation Mono' (LiberationMono-Regular.ttf) normal normal 400 normal>) = 10.05
findfont: score(<Font 'ori1Uni' (utkal.ttf) normal normal 500 normal>) = 10.145
findfont: score(<Font 'FreeSans' (FreeSans.ttf) normal normal 400 normal>) = 10.05
findfont: score(<Font 'FreeMono' (FreeMonoBold.ttf) normal normal 700 normal>) = 10.335
findfont: score(<Font 'Rekha' (Rekha.ttf) normal normal 500 normal>) = 10.145
findfont: score(<Font 'DejaVu Sans' (DejaVuSans-Oblique.ttf) oblique normal 400 normal>) = 1.05
findfont: Matching sans\-serif:style=normal:variant=normal:weight=normal:stretch=normal:size=18.0 to DejaVu Sans ('/home/mehdi/anaconda3/envs/carla_env/lib/python3.7/site-packages/matplotlib/mpl-data/fonts/ttf/DejaVuSans.ttf') with score of 0.050000.
episode: 2364/10000, score: -4737.79532129039, average: -3372.285088961979, ex-prob: 0.8922485271494847
... saving plot info ...
... saving explore probability ...
... saving checkout ...
... saving checkout ...
... saving checkout ...
... saving checkout ...
------------------------- 2365 -------------------------
... saving memory buffer ...
episode: 2365/10000, score: -35.53080615099357, average: -3370.8999688777903, ex-prob: 0.8921603067078653
... saving plot info ...
... saving explore probability ...
... saving checkout ...
... saving checkout ...
... saving checkout ...
... saving checkout ...
------------------------- 2366 -------------------------
... saving memory buffer ...
episode: 2366/10000, score: -4753.888911723975, average: -3371.4738232109216, ex-prob: 0.8921390910076088
... saving plot info ...
... saving explore probability ...
... saving checkout ...
... saving checkout ...
... saving checkout ...
... saving checkout ...
------------------------- 2367 -------------------------
... saving memory buffer ...
episode: 2367/10000, score: -48.36762206996941, average: -3370.0955128827836, ex-prob: 0.8920508815090565
... saving plot info ...
... saving explore probability ...
... saving checkout ...
... saving checkout ...
... saving checkout ...
... saving checkout ...
------------------------- 2368 -------------------------
... saving memory buffer ...
episode: 2368/10000, score: -4542.876913690962, average: -3370.5817406608962, ex-prob: 0.8920285218026207
... saving plot info ...
... saving explore probability ...
... saving checkout ...
... saving checkout ...
... saving checkout ...
... saving checkout ...
------------------------- 2369 -------------------------
... saving memory buffer ...
episode: 2369/10000, score: -4386.17872311968, average: -3371.0026262731876, ex-prob: 0.8919917419801262
... saving plot info ...
... saving explore probability ...
... saving checkout ...
... saving checkout ...
... saving checkout ...
... saving checkout ...
------------------------- 2370 -------------------------
... saving memory buffer ...
episode: 2370/10000, score: -4754.218796169143, average: -3371.575623858066, ex-prob: 0.8919755575801531
... saving plot info ...
... saving explore probability ...
... saving checkout ...
... saving checkout ...
... saving checkout ...
... saving checkout ...
------------------------- 2371 -------------------------
... saving memory buffer ...
episode: 2371/10000, score: -4780.099631286673, average: -3372.158863612695, ex-prob: 0.8919599908489387
... saving plot info ...
... saving explore probability ...
... saving checkout ...
... saving checkout ...
... saving checkout ...
... saving checkout ...
------------------------- 2372 -------------------------
... saving memory buffer ...
episode: 2372/10000, score: -4833.615699430862, average: -3372.7637712434143, ex-prob: 0.8919453504346064
... saving plot info ...
... saving explore probability ...
... saving checkout ...
... saving checkout ...
... saving checkout ...
... saving checkout ...
------------------------- 2373 -------------------------
... saving memory buffer ...
episode: 2373/10000, score: -4496.871022584338, average: -3373.228854922082, ex-prob: 0.891920171254286
... saving plot info ...
... saving explore probability ...
... saving checkout ...
... saving checkout ...
... saving checkout ...
... saving checkout ...
------------------------- 2374 -------------------------
... saving memory buffer ...
episode: 2374/10000, score: -4862.358219931789, average: -3373.8447066032277, ex-prob: 0.8919060165491292
... saving plot info ...
... saving explore probability ...
... saving checkout ...
... saving checkout ...
... saving checkout ...
... saving checkout ...
------------------------- 2375 -------------------------
... saving memory buffer ...
episode: 2375/10000, score: -4779.574643266027, average: -3374.4258268746885, ex-prob: 0.8918904069507816
... saving plot info ...
... saving explore probability ...
... saving checkout ...
... saving checkout ...
... saving checkout ...
... saving checkout ...
------------------------- 2376 -------------------------
... saving memory buffer ...
episode: 2376/10000, score: -4715.578060086136, average: -3374.980022012379, ex-prob: 0.8918736511922296
... saving plot info ...
... saving explore probability ...
... saving checkout ...
... saving checkout ...
... saving checkout ...
... saving checkout ...
------------------------- 2377 -------------------------
... saving memory buffer ...
episode: 2377/10000, score: -4691.558131742462, average: -3375.523837836307, ex-prob: 0.8918539856290799
... saving plot info ...
... saving explore probability ...
... saving checkout ...
... saving checkout ...
... saving checkout ...
... saving checkout ...
------------------------- 2378 -------------------------
... saving memory buffer ...
episode: 2378/10000, score: -6576.10705936738, average: -3376.8453007684006, ex-prob: 0.8918085272278211
... saving plot info ...
... saving explore probability ...
... saving checkout ...
... saving checkout ...
... saving checkout ...
... saving checkout ...
------------------------- 2379 -------------------------
... saving memory buffer ...
episode: 2379/10000, score: 185.30196371952246, average: -3375.3751615754627, ex-prob: 0.891720350783994
... saving plot info ...
... saving explore probability ...
... saving checkout ...
... saving checkout ...
... saving checkout ...
... saving checkout ...
------------------------- 2380 -------------------------
... saving memory buffer ...
episode: 2380/10000, score: -4840.808638207028, average: -3375.9797133397497, ex-prob: 0.8917046122161997
... saving plot info ...
... saving explore probability ...
... saving checkout ...
... saving checkout ...
... saving checkout ...
... saving checkout ...
------------------------- 2381 -------------------------
... saving memory buffer ...
episode: 2381/10000, score: -4765.067476006263, average: -3376.5525330356945, ex-prob: 0.891684730001367
... saving plot info ...
... saving explore probability ...
... saving checkout ...
... saving checkout ...
... saving checkout ...
... saving checkout ...
------------------------- 2382 -------------------------
... saving memory buffer ...
episode: 2382/10000, score: -6957.207643290588, average: -3378.0284832048023, ex-prob: 0.8916764422038578
... saving plot info ...
... saving explore probability ...
... saving checkout ...
... saving checkout ...
... saving checkout ...
... saving checkout ...
------------------------- 2383 -------------------------
... saving memory buffer ...
episode: 2383/10000, score: 198.89022411328324, average: -3376.5546806883963, ex-prob: 0.8915882789678726
... saving plot info ...
... saving explore probability ...
... saving checkout ...
... saving checkout ...
... saving checkout ...
... saving checkout ...
------------------------- 2384 -------------------------
... saving memory buffer ...
episode: 2384/10000, score: -4529.585095583565, average: -3377.0295696566395, ex-prob: 0.8915614350134794
... saving plot info ...
... saving explore probability ...
... saving checkout ...
... saving checkout ...
... saving checkout ...
... saving checkout ...
------------------------- 2385 -------------------------
... saving memory buffer ...
episode: 2385/10000, score: -4560.033888676472, average: -3377.5166031350336, ex-prob: 0.891535870102557
... saving plot info ...
... saving explore probability ...
... saving checkout ...
... saving checkout ...
... saving checkout ...
... saving checkout ...
------------------------- 2386 -------------------------
... saving memory buffer ...
episode: 2386/10000, score: -4827.9957270032755, average: -3378.11350812428, ex-prob: 0.8915200466757042
... saving plot info ...
... saving explore probability ...
... saving checkout ...
... saving checkout ...
... saving checkout ...
... saving checkout ...
------------------------- 2387 -------------------------
... saving memory buffer ...
episode: 2387/10000, score: -4792.8822091785405, average: -3378.6954779725133, ex-prob: 0.8914945711144789
... saving plot info ...
... saving explore probability ...
... saving checkout ...
... saving checkout ...
... saving checkout ...
... saving checkout ...
------------------------- 2388 -------------------------
... saving memory buffer ...
episode: 2388/10000, score: 914.4928885165339, average: -3376.9301867033973, ex-prob: 0.8914064260646934
... saving plot info ...
... saving explore probability ...
... saving checkout ...
... saving checkout ...
... saving checkout ...
... saving checkout ...
------------------------- 2389 -------------------------
... saving memory buffer ...
episode: 2389/10000, score: -6957.0646405747975, average: -3378.401676409058, ex-prob: 0.8913939983217017
... saving plot info ...
... saving explore probability ...
... saving checkout ...
... saving checkout ...
... saving checkout ...
... saving checkout ...
------------------------- 2390 -------------------------
... saving memory buffer ...
episode: 2390/10000, score: -22.741849282993343, average: -3377.0230158391623, ex-prob: 0.8913058633286927
... saving plot info ...
... saving explore probability ...
... saving checkout ...
... saving checkout ...
... saving checkout ...
... saving checkout ...
------------------------- 2391 -------------------------
... saving memory buffer ...
episode: 2391/10000, score: -4854.323995589515, average: -3377.629710286698, ex-prob: 0.8912866070059551
... saving plot info ...
... saving explore probability ...
... saving checkout ...
... saving checkout ...
... saving checkout ...
... saving checkout ...
------------------------- 2392 -------------------------
... saving memory buffer ...
episode: 2392/10000, score: -4712.9342533698145, average: -3378.1778648610343, ex-prob: 0.891260565371485
... saving plot info ...
... saving explore probability ...
... saving checkout ...
... saving checkout ...
... saving checkout ...
... saving checkout ...
------------------------- 2393 -------------------------
... saving memory buffer ...
episode: 2393/10000, score: -6961.318373227596, average: -3379.6481728250747, ex-prob: 0.8912485362468666
... saving plot info ...
... saving explore probability ...
... saving checkout ...
... saving checkout ...
... saving checkout ...
... saving checkout ...
------------------------- 2394 -------------------------
... saving memory buffer ...
episode: 2394/10000, score: 482.6662483506617, average: -3378.063958542394, ex-prob: 0.8911604157993378
... saving plot info ...
... saving explore probability ...
... saving checkout ...
... saving checkout ...
... saving checkout ...
... saving checkout ...
------------------------- 2395 -------------------------
... saving memory buffer ...
episode: 2395/10000, score: 345.48639936384615, average: -3376.5372876289434, ex-prob: 0.8910723041634131
... saving plot info ...
... saving explore probability ...
... saving checkout ...
... saving checkout ...
... saving checkout ...
... saving checkout ...
------------------------- 2396 -------------------------
... saving memory buffer ...
episode: 2396/10000, score: -4813.86151593997, average: -3377.126354935628, ex-prob: 0.8910512027344191
... saving plot info ...
... saving explore probability ...
... saving checkout ...
... saving checkout ...
... saving checkout ...
... saving checkout ...
------------------------- 2397 -------------------------
... saving memory buffer ...
episode: 2397/10000, score: -4806.592884750722, average: -3377.7119618712345, ex-prob: 0.8910286040608981
... saving plot info ...
... saving explore probability ...
... saving checkout ...
... saving checkout ...
... saving checkout ...
... saving checkout ...
------------------------- 2398 -------------------------
... saving memory buffer ...
episode: 2398/10000, score: 491.5770371560759, average: -3376.1274864416578, ex-prob: 0.8909405056054882
... saving plot info ...
... saving explore probability ...
... saving checkout ...
... saving checkout ...
... saving checkout ...
... saving checkout ...
------------------------- 2399 -------------------------
... saving memory buffer ...
episode: 2399/10000, score: -4716.9282909699305, average: -3376.676320172533, ex-prob: 0.8908636468993839
... saving plot info ...
... saving explore probability ...
... saving checkout ...
... saving checkout ...
... saving checkout ...
... saving checkout ...
------------------------- 2400 -------------------------
... saving memory buffer ...
episode: 2400/10000, score: 584.992397041205, average: -3375.055342792331, ex-prob: 0.8907755649388654
... saving plot info ...
... saving explore probability ...
... saving checkout ...
... saving checkout ...
... saving checkout ...
... saving checkout ...
------------------------- 2401 -------------------------
... saving memory buffer ...
episode: 2401/10000, score: -4576.858171812906, average: -3375.546877691726, ex-prob: 0.8907183604236594
... saving plot info ...
... saving explore probability ...
... saving checkout ...
... saving checkout ...
... saving checkout ...
... saving checkout ...
------------------------- 2402 -------------------------
... saving memory buffer ...
episode: 2402/10000, score: 260.6655191200279, average: -3374.060282271934, ex-prob: 0.890630292991062
... saving plot info ...
... saving explore probability ...
... saving checkout ...
... saving checkout ...
... saving checkout ...
... saving checkout ...
------------------------- 2403 -------------------------
... saving memory buffer ...
episode: 2403/10000, score: -4322.094877832558, average: -3374.4477095688526, ex-prob: 0.8906018490919699
... saving plot info ...
... saving explore probability ...
... saving checkout ...
... saving checkout ...
... saving checkout ...
... saving checkout ...
------------------------- 2404 -------------------------
... saving memory buffer ...
episode: 2404/10000, score: -4639.320858270475, average: -3374.964406116525, ex-prob: 0.8905832685889791
... saving plot info ...
... saving explore probability ...
... saving checkout ...
... saving checkout ...
... saving checkout ...
... saving checkout ...
------------------------- 2405 -------------------------
... saving memory buffer ...
episode: 2405/10000, score: -4064.3362469967637, average: -3375.2458972724585, ex-prob: 0.8905616505350978
... saving plot info ...
... saving explore probability ...
... saving checkout ...
... saving checkout ...
... saving checkout ...
... saving checkout ...
------------------------- 2406 -------------------------
... saving memory buffer ...
episode: 2406/10000, score: -4575.684591980694, average: -3375.7358722498902, ex-prob: 0.8905428507445474
... saving plot info ...
... saving explore probability ...
... saving checkout ...
... saving checkout ...
... saving checkout ...
... saving checkout ...
------------------------- 2407 -------------------------
... saving memory buffer ...
episode: 2407/10000, score: 162.0222963298782, average: -3374.29247846426, ex-prob: 0.8904548008620404
... saving plot info ...
... saving explore probability ...
... saving checkout ...
... saving checkout ...
... saving checkout ...
... saving checkout ...
------------------------- 2408 -------------------------
... saving memory buffer ...
episode: 2408/10000, score: -4551.994119030916, average: -3374.7727809277867, ex-prob: 0.8904081379941717
... saving plot info ...
... saving explore probability ...
... saving checkout ...
... saving checkout ...
... saving checkout ...
... saving checkout ...
------------------------- 2409 -------------------------
... saving memory buffer ...
episode: 2409/10000, score: 1234.129993616405, average: -3372.8938967962968, ex-prob: 0.8903201015822663
... saving plot info ...
... saving explore probability ...
... saving checkout ...
... saving checkout ...
... saving checkout ...
... saving checkout ...
------------------------- 2410 -------------------------
... saving memory buffer ...
episode: 2410/10000, score: -6817.574870500895, average: -3374.297597274579, ex-prob: 0.8902844493401149
... saving plot info ...
... saving explore probability ...
... saving checkout ...
... saving checkout ...
... saving checkout ...
... saving checkout ...
------------------------- 2411 -------------------------
... saving memory buffer ...
episode: 2411/10000, score: -22.704245200703696, average: -3372.9323861332045, ex-prob: 0.8901964252964565
... saving plot info ...
... saving explore probability ...
... saving checkout ...
... saving checkout ...
... saving checkout ...
... saving checkout ...
------------------------- 2412 -------------------------
... saving memory buffer ...
episode: 2412/10000, score: -6897.385247955978, average: -3374.367423943393, ex-prob: 0.8901790855976747
... saving plot info ...
... saving explore probability ...
... saving checkout ...
... saving checkout ...
... saving checkout ...
... saving checkout ...
------------------------- 2413 -------------------------
... saving memory buffer ...
episode: 2413/10000, score: -6884.7018650122845, average: -3375.796131489615, ex-prob: 0.8901540888665991
... saving plot info ...
... saving explore probability ...
... saving checkout ...
... saving checkout ...
... saving checkout ...
... saving checkout ...
------------------------- 2414 -------------------------
... saving memory buffer ...
episode: 2414/10000, score: -6897.478695195364, average: -3377.228874599341, ex-prob: 0.890139566443943
... saving plot info ...
... saving explore probability ...
... saving checkout ...
... saving checkout ...
... saving checkout ...
... saving checkout ...
------------------------- 2415 -------------------------
... saving memory buffer ...
episode: 2415/10000, score: -6880.5944643481025, average: -3378.653586103915, ex-prob: 0.890121435755621
... saving plot info ...
... saving explore probability ...
... saving checkout ...
... saving checkout ...
... saving checkout ...
... saving checkout ...
------------------------- 2416 -------------------------
... saving memory buffer ...
episode: 2416/10000, score: -6855.22269862521, average: -3380.06682558055, ex-prob: 0.8900985088908433
... saving plot info ...
... saving explore probability ...
... saving checkout ...
... saving checkout ...
... saving checkout ...
... saving checkout ...
------------------------- 2417 -------------------------
