... loading explore probabilty ...
... loading buffer ...
... loading plot info ...
... loading checkpoint ...
... loading checkpoint ...
... loading checkpoint ...
... loading checkpoint ...
------------------------- 2284 -------------------------
... saving memory buffer ...
findfont: Matching sans\-serif:style=normal:variant=normal:weight=normal:stretch=normal:size=10.0.
findfont: score(<Font 'STIXSizeFiveSym' (STIXSizFiveSymReg.ttf) normal normal 400 normal>) = 10.05
findfont: score(<Font 'DejaVu Sans' (DejaVuSans.ttf) normal normal 400 normal>) = 0.05
findfont: score(<Font 'STIXSizeFourSym' (STIXSizFourSymReg.ttf) normal normal 400 normal>) = 10.05
findfont: score(<Font 'DejaVu Serif' (DejaVuSerif-Bold.ttf) normal normal 700 normal>) = 10.335
findfont: score(<Font 'STIXSizeThreeSym' (STIXSizThreeSymBol.ttf) normal normal 700 normal>) = 10.335
findfont: score(<Font 'cmr10' (cmr10.ttf) normal normal 400 normal>) = 10.05
findfont: score(<Font 'STIXSizeFourSym' (STIXSizFourSymBol.ttf) normal normal 700 normal>) = 10.335
findfont: score(<Font 'STIXGeneral' (STIXGeneralBol.ttf) normal normal 700 normal>) = 10.335
findfont: score(<Font 'DejaVu Serif Display' (DejaVuSerifDisplay.ttf) normal normal 400 normal>) = 10.05
findfont: score(<Font 'DejaVu Sans' (DejaVuSans-Bold.ttf) normal normal 700 normal>) = 0.33499999999999996
findfont: score(<Font 'STIXSizeOneSym' (STIXSizOneSymReg.ttf) normal normal 400 normal>) = 10.05
findfont: score(<Font 'STIXGeneral' (STIXGeneralBolIta.ttf) italic normal 700 normal>) = 11.335
findfont: score(<Font 'DejaVu Sans Display' (DejaVuSansDisplay.ttf) normal normal 400 normal>) = 10.05
findfont: score(<Font 'DejaVu Serif' (DejaVuSerif-BoldItalic.ttf) italic normal 700 normal>) = 11.335
findfont: score(<Font 'cmex10' (cmex10.ttf) normal normal 400 normal>) = 10.05
findfont: score(<Font 'STIXNonUnicode' (STIXNonUniBol.ttf) normal normal 700 normal>) = 10.335
findfont: score(<Font 'cmss10' (cmss10.ttf) normal normal 400 normal>) = 10.05
findfont: score(<Font 'STIXNonUnicode' (STIXNonUniBolIta.ttf) italic normal 700 normal>) = 11.335
findfont: score(<Font 'DejaVu Sans Mono' (DejaVuSansMono.ttf) normal normal 400 normal>) = 10.05
findfont: score(<Font 'STIXSizeOneSym' (STIXSizOneSymBol.ttf) normal normal 700 normal>) = 10.335
findfont: score(<Font 'STIXSizeThreeSym' (STIXSizThreeSymReg.ttf) normal normal 400 normal>) = 10.05
findfont: score(<Font 'DejaVu Sans Mono' (DejaVuSansMono-BoldOblique.ttf) oblique normal 700 normal>) = 11.335
findfont: score(<Font 'DejaVu Serif' (DejaVuSerif.ttf) normal normal 400 normal>) = 10.05
findfont: score(<Font 'STIXSizeTwoSym' (STIXSizTwoSymReg.ttf) normal normal 400 normal>) = 10.05
findfont: score(<Font 'DejaVu Sans Mono' (DejaVuSansMono-Bold.ttf) normal normal 700 normal>) = 10.335
findfont: score(<Font 'cmsy10' (cmsy10.ttf) normal normal 400 normal>) = 10.05
findfont: score(<Font 'STIXGeneral' (STIXGeneral.ttf) normal normal 400 normal>) = 10.05
findfont: score(<Font 'cmb10' (cmb10.ttf) normal normal 400 normal>) = 10.05
findfont: score(<Font 'DejaVu Serif' (DejaVuSerif-Italic.ttf) italic normal 400 normal>) = 11.05
findfont: score(<Font 'cmtt10' (cmtt10.ttf) normal normal 400 normal>) = 10.05
findfont: score(<Font 'STIXNonUnicode' (STIXNonUni.ttf) normal normal 400 normal>) = 10.05
findfont: score(<Font 'DejaVu Sans' (DejaVuSans-Oblique.ttf) oblique normal 400 normal>) = 1.05
findfont: score(<Font 'STIXGeneral' (STIXGeneralItalic.ttf) italic normal 400 normal>) = 11.05
findfont: score(<Font 'cmmi10' (cmmi10.ttf) normal normal 400 normal>) = 10.05
findfont: score(<Font 'STIXSizeTwoSym' (STIXSizTwoSymBol.ttf) normal normal 700 normal>) = 10.335
findfont: score(<Font 'DejaVu Sans' (DejaVuSans-BoldOblique.ttf) oblique normal 700 normal>) = 1.335
findfont: score(<Font 'DejaVu Sans Mono' (DejaVuSansMono-Oblique.ttf) oblique normal 400 normal>) = 11.05
findfont: score(<Font 'STIXNonUnicode' (STIXNonUniIta.ttf) italic normal 400 normal>) = 11.05
findfont: score(<Font 'Ani' (ani.ttf) normal normal 400 normal>) = 10.05
findfont: score(<Font 'KacstOffice' (KacstOffice.ttf) normal normal 500 normal>) = 10.145
findfont: score(<Font 'Tlwg Typo' (TlwgTypo-Bold.ttf) normal normal 700 normal>) = 10.335
findfont: score(<Font 'Uroob' (Uroob.ttf) normal normal 700 normal>) = 10.335
findfont: score(<Font 'DejaVu Serif' (DejaVuSerif.ttf) normal normal 400 normal>) = 10.05
findfont: score(<Font 'Liberation Serif' (LiberationSerif-Italic.ttf) italic normal 400 normal>) = 11.05
findfont: score(<Font 'padmaa' (padmaa.ttf) normal normal 500 normal>) = 10.145
findfont: score(<Font 'Norasi' (Norasi-Italic.ttf) italic normal 400 normal>) = 11.05
findfont: score(<Font 'Ubuntu' (Ubuntu-L.ttf) normal normal 300 normal>) = 10.145
findfont: score(<Font 'Norasi' (Norasi-Bold.ttf) normal normal 700 normal>) = 10.335
findfont: score(<Font 'Tlwg Typo' (TlwgTypo.ttf) normal normal 500 normal>) = 10.145
findfont: score(<Font 'Liberation Sans' (LiberationSans-Regular.ttf) normal normal 400 normal>) = 10.05
findfont: score(<Font 'Loma' (Loma-Bold.ttf) normal normal 700 normal>) = 10.335
findfont: score(<Font 'Loma' (Loma.ttf) normal normal 400 normal>) = 10.05
findfont: score(<Font 'aakar' (aakar-medium.ttf) normal normal 500 normal>) = 10.145
findfont: score(<Font 'Samyak Tamil' (Samyak-Tamil.ttf) normal normal 500 normal>) = 10.145
findfont: score(<Font 'KacstOne' (KacstOne-Bold.ttf) normal normal 700 normal>) = 10.335
findfont: score(<Font 'LKLUG' (lklug.ttf) normal normal 400 normal>) = 10.05
findfont: score(<Font 'Ubuntu' (Ubuntu-B.ttf) normal normal 700 normal>) = 10.335
findfont: score(<Font 'Liberation Sans' (LiberationSans-BoldItalic.ttf) italic normal 700 normal>) = 11.335
findfont: score(<Font 'Waree' (Waree-Bold.ttf) normal normal 700 normal>) = 10.335
findfont: score(<Font 'FreeSans' (FreeSansOblique.ttf) oblique normal 400 normal>) = 11.05
findfont: score(<Font 'KacstTitleL' (KacstTitleL.ttf) normal normal 400 normal>) = 10.05
findfont: score(<Font 'DejaVu Serif' (DejaVuSerifCondensed-Italic.ttf) italic normal 400 condensed>) = 11.25
findfont: score(<Font 'Sawasdee' (Sawasdee.ttf) normal normal 400 normal>) = 10.05
findfont: score(<Font 'FreeSerif' (FreeSerifBoldItalic.ttf) italic normal 700 normal>) = 11.335
findfont: score(<Font 'Lohit Tamil Classical' (Lohit-Tamil-Classical.ttf) normal normal 400 normal>) = 10.05
findfont: score(<Font 'Liberation Sans' (LiberationSans-Italic.ttf) italic normal 400 normal>) = 11.05
findfont: score(<Font 'Liberation Mono' (LiberationMono-BoldItalic.ttf) italic normal 700 normal>) = 11.335
findfont: score(<Font 'Ubuntu' (Ubuntu-M.ttf) normal normal 500 normal>) = 10.145
findfont: score(<Font 'DejaVu Sans' (DejaVuSansCondensed-BoldOblique.ttf) oblique normal 700 condensed>) = 1.535
findfont: score(<Font 'KacstPen' (KacstPen.ttf) normal normal 500 normal>) = 10.145
findfont: score(<Font 'KacstDigital' (KacstDigital.ttf) normal normal 500 normal>) = 10.145
findfont: score(<Font 'Noto Sans CJK JP' (NotoSansCJK-Bold.ttc) normal normal 700 normal>) = 10.335
findfont: score(<Font 'Tlwg Mono' (TlwgMono.ttf) normal normal 500 normal>) = 10.145
findfont: score(<Font 'Tlwg Mono' (TlwgMono-Bold.ttf) normal normal 700 normal>) = 10.335
findfont: score(<Font 'KacstOne' (KacstOne.ttf) normal normal 400 normal>) = 10.05
findfont: score(<Font 'DejaVu Sans Mono' (DejaVuSansMono.ttf) normal normal 400 normal>) = 10.05
findfont: score(<Font 'FreeSans' (FreeSansBoldOblique.ttf) oblique normal 600 normal>) = 11.24
findfont: score(<Font 'Phetsarath OT' (Phetsarath_OT.ttf) normal normal 400 normal>) = 10.05
findfont: score(<Font 'Mukti Narrow' (MuktiNarrowBold.ttf) normal normal 700 normal>) = 10.335
findfont: score(<Font 'Laksaman' (Laksaman-Bold.ttf) normal normal 700 normal>) = 10.335
findfont: score(<Font 'Kinnari' (Kinnari-Italic.ttf) italic normal 500 normal>) = 11.145
findfont: score(<Font 'DejaVu Sans' (DejaVuSansCondensed-Oblique.ttf) oblique normal 400 condensed>) = 1.25
findfont: score(<Font 'Liberation Serif' (LiberationSerif-Bold.ttf) normal normal 700 normal>) = 10.335
findfont: score(<Font 'Gargi' (Gargi.ttf) normal normal 400 normal>) = 10.05
findfont: score(<Font 'Pothana2000' (Pothana2000.ttf) normal normal 400 normal>) = 10.05
findfont: score(<Font 'Ubuntu' (Ubuntu-R.ttf) normal normal 400 normal>) = 10.05
findfont: score(<Font 'FreeMono' (FreeMonoBoldOblique.ttf) oblique normal 700 normal>) = 11.335
findfont: score(<Font 'Noto Serif CJK JP' (NotoSerifCJK-Bold.ttc) normal normal 700 normal>) = 10.335
findfont: score(<Font 'FreeSans' (FreeSansBold.ttf) normal normal 600 normal>) = 10.24
findfont: score(<Font 'KacstFarsi' (KacstFarsi.ttf) normal normal 500 normal>) = 10.145
findfont: score(<Font 'Garuda' (Garuda-Oblique.ttf) oblique normal 400 normal>) = 11.05
findfont: score(<Font 'Rachana' (Rachana-Bold.ttf) normal normal 700 normal>) = 10.335
findfont: score(<Font 'Kinnari' (Kinnari-Bold.ttf) normal normal 700 normal>) = 10.335
findfont: score(<Font 'Manjari' (Manjari-Bold.otf) normal normal 700 normal>) = 10.335
findfont: score(<Font 'Samyak Malayalam' (Samyak-Malayalam.ttf) normal normal 400 normal>) = 10.05
findfont: score(<Font 'Jamrul' (JamrulNormal.ttf) normal normal 500 normal>) = 10.145
findfont: score(<Font 'Norasi' (Norasi-BoldOblique.ttf) oblique normal 700 normal>) = 11.335
findfont: score(<Font 'Tlwg Mono' (TlwgMono-Oblique.ttf) oblique normal 400 normal>) = 11.05
findfont: score(<Font 'Kinnari' (Kinnari-BoldItalic.ttf) italic normal 700 normal>) = 11.335
findfont: score(<Font 'Tlwg Typewriter' (TlwgTypewriter.ttf) normal normal 500 normal>) = 10.145
findfont: score(<Font 'Tlwg Mono' (TlwgMono-BoldOblique.ttf) oblique normal 700 normal>) = 11.335
findfont: score(<Font 'Garuda' (Garuda-Bold.ttf) normal normal 700 normal>) = 10.335
findfont: score(<Font 'Lohit Devanagari' (Lohit-Devanagari.ttf) normal normal 400 normal>) = 10.05
findfont: score(<Font 'Dyuthi' (Dyuthi.ttf) normal normal 400 normal>) = 10.05
findfont: score(<Font 'Lohit Gurmukhi' (Lohit-Gurmukhi.ttf) normal normal 400 normal>) = 10.05
findfont: score(<Font 'KacstBook' (KacstBook.ttf) normal normal 500 normal>) = 10.145
findfont: score(<Font 'Samyak Gujarati' (Samyak-Gujarati.ttf) normal normal 500 normal>) = 10.145
findfont: score(<Font 'Chandas' (chandas1-2.ttf) normal normal 400 normal>) = 10.05
findfont: score(<Font 'Kinnari' (Kinnari-Oblique.ttf) oblique normal 500 normal>) = 11.145
findfont: score(<Font 'Kinnari' (Kinnari.ttf) normal normal 500 normal>) = 10.145
findfont: score(<Font 'Liberation Mono' (LiberationMono-BoldItalic.ttf) italic normal 700 normal>) = 11.335
findfont: score(<Font 'Norasi' (Norasi-BoldItalic.ttf) italic normal 700 normal>) = 11.335
findfont: score(<Font 'Tlwg Typo' (TlwgTypo-BoldOblique.ttf) oblique normal 700 normal>) = 11.335
findfont: score(<Font 'DejaVu Sans' (DejaVuSansCondensed-Bold.ttf) normal normal 700 condensed>) = 0.5349999999999999
findfont: score(<Font 'Norasi' (Norasi.ttf) normal normal 400 normal>) = 10.05
findfont: score(<Font 'Liberation Mono' (LiberationMono-Bold.ttf) normal normal 700 normal>) = 10.335
findfont: score(<Font 'Padauk' (Padauk-Regular.ttf) normal normal 400 normal>) = 10.05
findfont: score(<Font 'Tlwg Typist' (TlwgTypist-BoldOblique.ttf) oblique normal 700 normal>) = 11.335
findfont: score(<Font 'FreeMono' (FreeMonoOblique.ttf) oblique normal 400 normal>) = 11.05
findfont: score(<Font 'Kalapi' (Kalapi.ttf) normal normal 400 normal>) = 10.05
findfont: score(<Font 'KacstPoster' (KacstPoster.ttf) normal normal 500 normal>) = 10.145
findfont: score(<Font 'Liberation Mono' (LiberationMono-Italic.ttf) italic normal 400 normal>) = 11.05
findfont: score(<Font 'Khmer OS System' (KhmerOSsys.ttf) normal normal 400 normal>) = 10.05
findfont: score(<Font 'Waree' (Waree.ttf) normal normal 400 normal>) = 10.05
findfont: score(<Font 'Ubuntu Condensed' (Ubuntu-C.ttf) normal normal 400 condensed>) = 10.25
findfont: score(<Font 'DejaVu Sans Mono' (DejaVuSansMono-Bold.ttf) normal normal 700 normal>) = 10.335
findfont: score(<Font 'DejaVu Serif' (DejaVuSerif-Bold.ttf) normal normal 700 normal>) = 10.335
findfont: score(<Font 'Sawasdee' (Sawasdee-Bold.ttf) normal normal 700 normal>) = 10.335
findfont: score(<Font 'Meera' (Meera.ttf) normal normal 400 normal>) = 10.05
findfont: score(<Font 'KacstScreen' (KacstScreen.ttf) normal normal 500 normal>) = 10.145
findfont: score(<Font 'DejaVu Serif' (DejaVuSerifCondensed-Bold.ttf) normal normal 700 condensed>) = 10.535
findfont: score(<Font 'Lohit Odia' (Lohit-Odia.ttf) normal normal 400 normal>) = 10.05
findfont: score(<Font 'Ubuntu' (Ubuntu-BI.ttf) italic normal 700 normal>) = 11.335
findfont: score(<Font 'Liberation Sans' (LiberationSans-BoldItalic.ttf) italic normal 700 normal>) = 11.335
findfont: score(<Font 'Ubuntu' (Ubuntu-MI.ttf) italic normal 500 normal>) = 11.145
findfont: score(<Font 'Padauk' (Padauk-Bold.ttf) normal normal 700 normal>) = 10.335
findfont: score(<Font 'Laksaman' (Laksaman-Italic.ttf) italic normal 400 normal>) = 11.05
findfont: score(<Font 'Liberation Serif' (LiberationSerif-Regular.ttf) normal normal 400 normal>) = 10.05
findfont: score(<Font 'Suruma' (Suruma.ttf) normal normal 500 normal>) = 10.145
findfont: score(<Font 'Umpush' (Umpush-Light.ttf) normal normal 300 normal>) = 10.145
findfont: score(<Font 'Noto Serif CJK JP' (NotoSerifCJK-Regular.ttc) normal normal 400 normal>) = 10.05
findfont: score(<Font 'Tlwg Typewriter' (TlwgTypewriter-BoldOblique.ttf) oblique normal 700 normal>) = 11.335
findfont: score(<Font 'Khmer OS' (KhmerOS.ttf) normal normal 400 normal>) = 10.05
findfont: score(<Font 'Tlwg Typist' (TlwgTypist-Bold.ttf) normal normal 700 normal>) = 10.335
findfont: score(<Font 'Liberation Sans' (LiberationSans-Bold.ttf) normal normal 700 normal>) = 10.335
findfont: score(<Font 'DejaVu Sans' (DejaVuSansCondensed.ttf) normal normal 400 condensed>) = 0.25
findfont: score(<Font 'Sawasdee' (Sawasdee-BoldOblique.ttf) oblique normal 700 normal>) = 11.335
findfont: score(<Font 'Rachana' (Rachana-Regular.ttf) normal normal 400 normal>) = 10.05
findfont: score(<Font 'AnjaliOldLipi' (AnjaliOldLipi.ttf) normal normal 400 normal>) = 10.05
findfont: score(<Font 'DejaVu Sans' (DejaVuSans.ttf) normal normal 400 normal>) = 0.05
findfont: score(<Font 'Lohit Gujarati' (Lohit-Gujarati.ttf) normal normal 400 normal>) = 10.05
findfont: score(<Font 'Liberation Sans Narrow' (LiberationSansNarrow-Italic.ttf) italic normal 400 condensed>) = 11.25
findfont: score(<Font 'Laksaman' (Laksaman-BoldItalic.ttf) italic normal 700 normal>) = 11.335
findfont: score(<Font 'Liberation Serif' (LiberationSerif-Regular.ttf) normal normal 400 normal>) = 10.05
findfont: score(<Font 'RaghuMalayalam' (RaghuMalayalamSans-Regular.ttf) normal normal 400 normal>) = 10.05
findfont: score(<Font 'Noto Mono' (NotoMono-Regular.ttf) normal normal 400 normal>) = 10.05
findfont: score(<Font 'Lohit Assamese' (Lohit-Assamese.ttf) normal normal 400 normal>) = 10.05
findfont: score(<Font 'Pagul' (Pagul.ttf) normal normal 400 normal>) = 10.05
findfont: score(<Font 'Garuda' (Garuda.ttf) normal normal 400 normal>) = 10.05
findfont: score(<Font 'Ubuntu Mono' (UbuntuMono-B.ttf) normal normal 700 normal>) = 10.335
findfont: score(<Font 'KacstLetter' (KacstLetter.ttf) normal normal 500 normal>) = 10.145
findfont: score(<Font 'Liberation Serif' (LiberationSerif-BoldItalic.ttf) italic normal 700 normal>) = 11.335
findfont: score(<Font 'Noto Sans CJK JP' (NotoSansCJK-Regular.ttc) normal normal 400 normal>) = 10.05
findfont: score(<Font 'Tibetan Machine Uni' (TibetanMachineUni.ttf) normal normal 400 normal>) = 10.05
findfont: score(<Font 'Ubuntu' (Ubuntu-RI.ttf) italic normal 400 normal>) = 11.05
findfont: score(<Font 'Padauk Book' (PadaukBook-Regular.ttf) normal normal 400 normal>) = 10.05
findfont: score(<Font 'FreeMono' (FreeMono.ttf) normal normal 400 normal>) = 10.05
findfont: score(<Font 'Manjari' (Manjari-Regular.otf) normal normal 400 normal>) = 10.05
findfont: score(<Font 'Waree' (Waree-BoldOblique.ttf) oblique normal 700 normal>) = 11.335
findfont: score(<Font 'Lohit Bengali' (Lohit-Bengali.ttf) normal normal 400 normal>) = 10.05
findfont: score(<Font 'OpenSymbol' (opens___.ttf) normal normal 400 normal>) = 10.05
findfont: score(<Font 'Karumbi' (Karumbi.ttf) normal normal 400 normal>) = 10.05
findfont: score(<Font 'Liberation Serif' (LiberationSerif-Italic.ttf) italic normal 400 normal>) = 11.05
findfont: score(<Font 'Gubbi' (Gubbi.ttf) normal normal 400 normal>) = 10.05
findfont: score(<Font 'DejaVu Sans' (DejaVuSans-ExtraLight.ttf) normal normal 200 normal>) = 0.24
findfont: score(<Font 'KacstNaskh' (KacstNaskh.ttf) normal normal 500 normal>) = 10.145
findfont: score(<Font 'Umpush' (Umpush-Oblique.ttf) oblique normal 400 normal>) = 11.05
findfont: score(<Font 'Tlwg Typist' (TlwgTypist-Oblique.ttf) oblique normal 500 normal>) = 11.145
findfont: score(<Font 'Samyak Devanagari' (Samyak-Devanagari.ttf) normal normal 500 normal>) = 10.145
findfont: score(<Font 'Waree' (Waree-Oblique.ttf) oblique normal 400 normal>) = 11.05
findfont: score(<Font 'DejaVu Sans Mono' (DejaVuSansMono-BoldOblique.ttf) oblique normal 700 normal>) = 11.335
findfont: score(<Font 'Keraleeyam' (Keraleeyam.ttf) normal normal 700 normal>) = 10.335
findfont: score(<Font 'Umpush' (Umpush-LightOblique.ttf) oblique normal 300 normal>) = 11.145
findfont: score(<Font 'Lohit Malayalam' (Lohit-Malayalam.ttf) normal normal 400 normal>) = 10.05
findfont: score(<Font 'Purisa' (Purisa.ttf) normal normal 400 normal>) = 10.05
findfont: score(<Font 'Liberation Mono' (LiberationMono-Bold.ttf) normal normal 700 normal>) = 10.335
findfont: score(<Font 'Ubuntu Mono' (UbuntuMono-RI.ttf) italic normal 400 normal>) = 11.05
findfont: score(<Font 'padmaa-Bold.1.1' (padmaa-Bold.1.1.ttf) normal normal 700 normal>) = 10.335
findfont: score(<Font 'DejaVu Sans' (DejaVuSans-BoldOblique.ttf) oblique normal 700 normal>) = 1.335
findfont: score(<Font 'Mukti Narrow' (MuktiNarrow.ttf) normal normal 400 normal>) = 10.05
findfont: score(<Font 'Liberation Sans Narrow' (LiberationSansNarrow-Regular.ttf) normal normal 400 condensed>) = 10.25
findfont: score(<Font 'Ubuntu' (Ubuntu-LI.ttf) italic normal 300 normal>) = 11.145
findfont: score(<Font 'Chilanka' (Chilanka-Regular.ttf) normal normal 400 normal>) = 10.05
findfont: score(<Font 'Purisa' (Purisa-Oblique.ttf) oblique normal 400 normal>) = 11.05
findfont: score(<Font 'Liberation Mono' (LiberationMono-Italic.ttf) italic normal 400 normal>) = 11.05
findfont: score(<Font 'Liberation Sans' (LiberationSans-Bold.ttf) normal normal 700 normal>) = 10.335
findfont: score(<Font 'KacstDecorative' (KacstDecorative.ttf) normal normal 500 normal>) = 10.145
findfont: score(<Font 'Tlwg Typo' (TlwgTypo-Oblique.ttf) oblique normal 500 normal>) = 11.145
findfont: score(<Font 'Lohit Tamil' (Lohit-Tamil.ttf) normal normal 400 normal>) = 10.05
findfont: score(<Font 'DejaVu Serif' (DejaVuSerif-BoldItalic.ttf) italic normal 700 normal>) = 11.335
findfont: score(<Font 'Ubuntu Mono' (UbuntuMono-BI.ttf) italic normal 700 normal>) = 11.335
findfont: score(<Font 'KacstQurn' (KacstQurn.ttf) normal normal 400 normal>) = 10.05
findfont: score(<Font 'Liberation Serif' (LiberationSerif-Bold.ttf) normal normal 700 normal>) = 10.335
findfont: score(<Font 'FreeSerif' (FreeSerifBold.ttf) normal normal 700 normal>) = 10.335
findfont: score(<Font 'Nakula' (nakula.ttf) normal normal 400 normal>) = 10.05
findfont: score(<Font 'Manjari' (Manjari-Thin.otf) normal normal 100 normal>) = 10.335
findfont: score(<Font 'KacstArt' (KacstArt.ttf) normal normal 500 normal>) = 10.145
findfont: score(<Font 'DejaVu Serif' (DejaVuSerif-Italic.ttf) italic normal 400 normal>) = 11.05
findfont: score(<Font 'Lohit Telugu' (Lohit-Telugu.ttf) normal normal 400 normal>) = 10.05
findfont: score(<Font 'Sahadeva' (sahadeva.ttf) normal normal 400 normal>) = 10.05
findfont: score(<Font 'Ubuntu Mono' (UbuntuMono-R.ttf) normal normal 400 normal>) = 10.05
findfont: score(<Font 'FreeSerif' (FreeSerifItalic.ttf) italic normal 400 normal>) = 11.05
findfont: score(<Font 'DejaVu Serif' (DejaVuSerifCondensed.ttf) normal normal 400 condensed>) = 10.25
findfont: score(<Font 'Liberation Sans Narrow' (LiberationSansNarrow-Bold.ttf) normal normal 700 condensed>) = 10.535
findfont: score(<Font 'Liberation Sans' (LiberationSans-Italic.ttf) italic normal 400 normal>) = 11.05
findfont: score(<Font 'Umpush' (Umpush.ttf) normal normal 400 normal>) = 10.05
findfont: score(<Font 'Padauk Book' (PadaukBook-Bold.ttf) normal normal 700 normal>) = 10.335
findfont: score(<Font 'Kinnari' (Kinnari-BoldOblique.ttf) oblique normal 700 normal>) = 11.335
findfont: score(<Font 'Laksaman' (Laksaman.ttf) normal normal 400 normal>) = 10.05
findfont: score(<Font 'Likhan' (LikhanNormal.ttf) normal normal 500 normal>) = 10.145
findfont: score(<Font 'Liberation Sans Narrow' (LiberationSansNarrow-BoldItalic.ttf) italic normal 700 condensed>) = 11.535
findfont: score(<Font 'DejaVu Math TeX Gyre' (DejaVuMathTeXGyre.ttf) normal normal 400 normal>) = 10.05
findfont: score(<Font 'KacstTitle' (KacstTitle.ttf) normal normal 500 normal>) = 10.145
findfont: score(<Font 'Samanata' (samanata.ttf) normal normal 400 normal>) = 10.05
findfont: score(<Font 'DejaVu Sans Mono' (DejaVuSansMono-Oblique.ttf) oblique normal 400 normal>) = 11.05
findfont: score(<Font 'Umpush' (Umpush-Bold.ttf) normal normal 700 normal>) = 10.335
findfont: score(<Font 'Kalimati' (kalimati.ttf) normal normal 400 normal>) = 10.05
findfont: score(<Font 'Umpush' (Umpush-BoldOblique.ttf) oblique normal 700 normal>) = 11.335
findfont: score(<Font 'Tlwg Typist' (TlwgTypist.ttf) normal normal 500 normal>) = 10.145
findfont: score(<Font 'Tlwg Typewriter' (TlwgTypewriter-Oblique.ttf) oblique normal 400 normal>) = 11.05
findfont: score(<Font 'Liberation Serif' (LiberationSerif-BoldItalic.ttf) italic normal 700 normal>) = 11.335
findfont: score(<Font 'Loma' (Loma-Oblique.ttf) oblique normal 400 normal>) = 11.05
findfont: score(<Font 'Abyssinica SIL' (AbyssinicaSIL-R.ttf) normal normal 400 normal>) = 10.05
findfont: score(<Font 'Norasi' (Norasi-Oblique.ttf) oblique normal 400 normal>) = 11.05
findfont: score(<Font 'DejaVu Serif' (DejaVuSerifCondensed-BoldItalic.ttf) italic normal 700 condensed>) = 11.535
findfont: score(<Font 'Lohit Kannada' (Lohit-Kannada.ttf) normal normal 400 normal>) = 10.05
findfont: score(<Font 'Purisa' (Purisa-Bold.ttf) normal normal 700 normal>) = 10.335
findfont: score(<Font 'Saab' (Saab.ttf) normal normal 400 normal>) = 10.05
findfont: score(<Font 'mry_KacstQurn' (mry_KacstQurn.ttf) normal normal 400 normal>) = 10.05
findfont: score(<Font 'Garuda' (Garuda-BoldOblique.ttf) oblique normal 700 normal>) = 11.335
findfont: score(<Font 'Droid Sans Fallback' (DroidSansFallbackFull.ttf) normal normal 400 normal>) = 10.05
findfont: score(<Font 'Vemana2000' (vemana2000.ttf) normal normal 400 normal>) = 10.05
findfont: score(<Font 'Navilu' (Navilu.ttf) normal normal 400 normal>) = 10.05
findfont: score(<Font 'Purisa' (Purisa-BoldOblique.ttf) oblique normal 700 normal>) = 11.335
findfont: score(<Font 'Sarai' (Sarai.ttf) normal normal 400 normal>) = 10.05
findfont: score(<Font 'Mitra Mono' (mitra.ttf) normal normal 400 normal>) = 10.05
findfont: score(<Font 'padmaa' (padmaa-Medium-0.5.ttf) normal normal 500 normal>) = 10.145
findfont: score(<Font 'Liberation Sans' (LiberationSans-Regular.ttf) normal normal 400 normal>) = 10.05
findfont: score(<Font 'Loma' (Loma-BoldOblique.ttf) oblique normal 700 normal>) = 11.335
findfont: score(<Font 'DejaVu Sans' (DejaVuSans-Bold.ttf) normal normal 700 normal>) = 0.33499999999999996
findfont: score(<Font 'FreeSerif' (FreeSerif.ttf) normal normal 400 normal>) = 10.05
findfont: score(<Font 'Tlwg Typewriter' (TlwgTypewriter-Bold.ttf) normal normal 700 normal>) = 10.335
findfont: score(<Font 'Liberation Mono' (LiberationMono-Regular.ttf) normal normal 400 normal>) = 10.05
findfont: score(<Font 'Sawasdee' (Sawasdee-Oblique.ttf) oblique normal 400 normal>) = 11.05
findfont: score(<Font 'Liberation Mono' (LiberationMono-Regular.ttf) normal normal 400 normal>) = 10.05
findfont: score(<Font 'ori1Uni' (utkal.ttf) normal normal 500 normal>) = 10.145
findfont: score(<Font 'FreeSans' (FreeSans.ttf) normal normal 400 normal>) = 10.05
findfont: score(<Font 'FreeMono' (FreeMonoBold.ttf) normal normal 700 normal>) = 10.335
findfont: score(<Font 'Rekha' (Rekha.ttf) normal normal 500 normal>) = 10.145
findfont: score(<Font 'DejaVu Sans' (DejaVuSans-Oblique.ttf) oblique normal 400 normal>) = 1.05
findfont: Matching sans\-serif:style=normal:variant=normal:weight=normal:stretch=normal:size=10.0 to DejaVu Sans ('/home/mehdi/anaconda3/envs/carla_env/lib/python3.7/site-packages/matplotlib/mpl-data/fonts/ttf/DejaVuSans.ttf') with score of 0.050000.
findfont: Matching sans\-serif:style=normal:variant=normal:weight=normal:stretch=normal:size=18.0.
findfont: score(<Font 'STIXSizeFiveSym' (STIXSizFiveSymReg.ttf) normal normal 400 normal>) = 10.05
findfont: score(<Font 'DejaVu Sans' (DejaVuSans.ttf) normal normal 400 normal>) = 0.05
findfont: score(<Font 'STIXSizeFourSym' (STIXSizFourSymReg.ttf) normal normal 400 normal>) = 10.05
findfont: score(<Font 'DejaVu Serif' (DejaVuSerif-Bold.ttf) normal normal 700 normal>) = 10.335
findfont: score(<Font 'STIXSizeThreeSym' (STIXSizThreeSymBol.ttf) normal normal 700 normal>) = 10.335
findfont: score(<Font 'cmr10' (cmr10.ttf) normal normal 400 normal>) = 10.05
findfont: score(<Font 'STIXSizeFourSym' (STIXSizFourSymBol.ttf) normal normal 700 normal>) = 10.335
findfont: score(<Font 'STIXGeneral' (STIXGeneralBol.ttf) normal normal 700 normal>) = 10.335
findfont: score(<Font 'DejaVu Serif Display' (DejaVuSerifDisplay.ttf) normal normal 400 normal>) = 10.05
findfont: score(<Font 'DejaVu Sans' (DejaVuSans-Bold.ttf) normal normal 700 normal>) = 0.33499999999999996
findfont: score(<Font 'STIXSizeOneSym' (STIXSizOneSymReg.ttf) normal normal 400 normal>) = 10.05
findfont: score(<Font 'STIXGeneral' (STIXGeneralBolIta.ttf) italic normal 700 normal>) = 11.335
findfont: score(<Font 'DejaVu Sans Display' (DejaVuSansDisplay.ttf) normal normal 400 normal>) = 10.05
findfont: score(<Font 'DejaVu Serif' (DejaVuSerif-BoldItalic.ttf) italic normal 700 normal>) = 11.335
findfont: score(<Font 'cmex10' (cmex10.ttf) normal normal 400 normal>) = 10.05
findfont: score(<Font 'STIXNonUnicode' (STIXNonUniBol.ttf) normal normal 700 normal>) = 10.335
findfont: score(<Font 'cmss10' (cmss10.ttf) normal normal 400 normal>) = 10.05
findfont: score(<Font 'STIXNonUnicode' (STIXNonUniBolIta.ttf) italic normal 700 normal>) = 11.335
findfont: score(<Font 'DejaVu Sans Mono' (DejaVuSansMono.ttf) normal normal 400 normal>) = 10.05
findfont: score(<Font 'STIXSizeOneSym' (STIXSizOneSymBol.ttf) normal normal 700 normal>) = 10.335
findfont: score(<Font 'STIXSizeThreeSym' (STIXSizThreeSymReg.ttf) normal normal 400 normal>) = 10.05
findfont: score(<Font 'DejaVu Sans Mono' (DejaVuSansMono-BoldOblique.ttf) oblique normal 700 normal>) = 11.335
findfont: score(<Font 'DejaVu Serif' (DejaVuSerif.ttf) normal normal 400 normal>) = 10.05
findfont: score(<Font 'STIXSizeTwoSym' (STIXSizTwoSymReg.ttf) normal normal 400 normal>) = 10.05
findfont: score(<Font 'DejaVu Sans Mono' (DejaVuSansMono-Bold.ttf) normal normal 700 normal>) = 10.335
findfont: score(<Font 'cmsy10' (cmsy10.ttf) normal normal 400 normal>) = 10.05
findfont: score(<Font 'STIXGeneral' (STIXGeneral.ttf) normal normal 400 normal>) = 10.05
findfont: score(<Font 'cmb10' (cmb10.ttf) normal normal 400 normal>) = 10.05
findfont: score(<Font 'DejaVu Serif' (DejaVuSerif-Italic.ttf) italic normal 400 normal>) = 11.05
findfont: score(<Font 'cmtt10' (cmtt10.ttf) normal normal 400 normal>) = 10.05
findfont: score(<Font 'STIXNonUnicode' (STIXNonUni.ttf) normal normal 400 normal>) = 10.05
findfont: score(<Font 'DejaVu Sans' (DejaVuSans-Oblique.ttf) oblique normal 400 normal>) = 1.05
findfont: score(<Font 'STIXGeneral' (STIXGeneralItalic.ttf) italic normal 400 normal>) = 11.05
findfont: score(<Font 'cmmi10' (cmmi10.ttf) normal normal 400 normal>) = 10.05
findfont: score(<Font 'STIXSizeTwoSym' (STIXSizTwoSymBol.ttf) normal normal 700 normal>) = 10.335
findfont: score(<Font 'DejaVu Sans' (DejaVuSans-BoldOblique.ttf) oblique normal 700 normal>) = 1.335
findfont: score(<Font 'DejaVu Sans Mono' (DejaVuSansMono-Oblique.ttf) oblique normal 400 normal>) = 11.05
findfont: score(<Font 'STIXNonUnicode' (STIXNonUniIta.ttf) italic normal 400 normal>) = 11.05
findfont: score(<Font 'Ani' (ani.ttf) normal normal 400 normal>) = 10.05
findfont: score(<Font 'KacstOffice' (KacstOffice.ttf) normal normal 500 normal>) = 10.145
findfont: score(<Font 'Tlwg Typo' (TlwgTypo-Bold.ttf) normal normal 700 normal>) = 10.335
findfont: score(<Font 'Uroob' (Uroob.ttf) normal normal 700 normal>) = 10.335
findfont: score(<Font 'DejaVu Serif' (DejaVuSerif.ttf) normal normal 400 normal>) = 10.05
findfont: score(<Font 'Liberation Serif' (LiberationSerif-Italic.ttf) italic normal 400 normal>) = 11.05
findfont: score(<Font 'padmaa' (padmaa.ttf) normal normal 500 normal>) = 10.145
findfont: score(<Font 'Norasi' (Norasi-Italic.ttf) italic normal 400 normal>) = 11.05
findfont: score(<Font 'Ubuntu' (Ubuntu-L.ttf) normal normal 300 normal>) = 10.145
findfont: score(<Font 'Norasi' (Norasi-Bold.ttf) normal normal 700 normal>) = 10.335
findfont: score(<Font 'Tlwg Typo' (TlwgTypo.ttf) normal normal 500 normal>) = 10.145
findfont: score(<Font 'Liberation Sans' (LiberationSans-Regular.ttf) normal normal 400 normal>) = 10.05
findfont: score(<Font 'Loma' (Loma-Bold.ttf) normal normal 700 normal>) = 10.335
findfont: score(<Font 'Loma' (Loma.ttf) normal normal 400 normal>) = 10.05
findfont: score(<Font 'aakar' (aakar-medium.ttf) normal normal 500 normal>) = 10.145
findfont: score(<Font 'Samyak Tamil' (Samyak-Tamil.ttf) normal normal 500 normal>) = 10.145
findfont: score(<Font 'KacstOne' (KacstOne-Bold.ttf) normal normal 700 normal>) = 10.335
findfont: score(<Font 'LKLUG' (lklug.ttf) normal normal 400 normal>) = 10.05
findfont: score(<Font 'Ubuntu' (Ubuntu-B.ttf) normal normal 700 normal>) = 10.335
findfont: score(<Font 'Liberation Sans' (LiberationSans-BoldItalic.ttf) italic normal 700 normal>) = 11.335
findfont: score(<Font 'Waree' (Waree-Bold.ttf) normal normal 700 normal>) = 10.335
findfont: score(<Font 'FreeSans' (FreeSansOblique.ttf) oblique normal 400 normal>) = 11.05
findfont: score(<Font 'KacstTitleL' (KacstTitleL.ttf) normal normal 400 normal>) = 10.05
findfont: score(<Font 'DejaVu Serif' (DejaVuSerifCondensed-Italic.ttf) italic normal 400 condensed>) = 11.25
findfont: score(<Font 'Sawasdee' (Sawasdee.ttf) normal normal 400 normal>) = 10.05
findfont: score(<Font 'FreeSerif' (FreeSerifBoldItalic.ttf) italic normal 700 normal>) = 11.335
findfont: score(<Font 'Lohit Tamil Classical' (Lohit-Tamil-Classical.ttf) normal normal 400 normal>) = 10.05
findfont: score(<Font 'Liberation Sans' (LiberationSans-Italic.ttf) italic normal 400 normal>) = 11.05
findfont: score(<Font 'Liberation Mono' (LiberationMono-BoldItalic.ttf) italic normal 700 normal>) = 11.335
findfont: score(<Font 'Ubuntu' (Ubuntu-M.ttf) normal normal 500 normal>) = 10.145
findfont: score(<Font 'DejaVu Sans' (DejaVuSansCondensed-BoldOblique.ttf) oblique normal 700 condensed>) = 1.535
findfont: score(<Font 'KacstPen' (KacstPen.ttf) normal normal 500 normal>) = 10.145
findfont: score(<Font 'KacstDigital' (KacstDigital.ttf) normal normal 500 normal>) = 10.145
findfont: score(<Font 'Noto Sans CJK JP' (NotoSansCJK-Bold.ttc) normal normal 700 normal>) = 10.335
findfont: score(<Font 'Tlwg Mono' (TlwgMono.ttf) normal normal 500 normal>) = 10.145
findfont: score(<Font 'Tlwg Mono' (TlwgMono-Bold.ttf) normal normal 700 normal>) = 10.335
findfont: score(<Font 'KacstOne' (KacstOne.ttf) normal normal 400 normal>) = 10.05
findfont: score(<Font 'DejaVu Sans Mono' (DejaVuSansMono.ttf) normal normal 400 normal>) = 10.05
findfont: score(<Font 'FreeSans' (FreeSansBoldOblique.ttf) oblique normal 600 normal>) = 11.24
findfont: score(<Font 'Phetsarath OT' (Phetsarath_OT.ttf) normal normal 400 normal>) = 10.05
findfont: score(<Font 'Mukti Narrow' (MuktiNarrowBold.ttf) normal normal 700 normal>) = 10.335
findfont: score(<Font 'Laksaman' (Laksaman-Bold.ttf) normal normal 700 normal>) = 10.335
findfont: score(<Font 'Kinnari' (Kinnari-Italic.ttf) italic normal 500 normal>) = 11.145
findfont: score(<Font 'DejaVu Sans' (DejaVuSansCondensed-Oblique.ttf) oblique normal 400 condensed>) = 1.25
findfont: score(<Font 'Liberation Serif' (LiberationSerif-Bold.ttf) normal normal 700 normal>) = 10.335
findfont: score(<Font 'Gargi' (Gargi.ttf) normal normal 400 normal>) = 10.05
findfont: score(<Font 'Pothana2000' (Pothana2000.ttf) normal normal 400 normal>) = 10.05
findfont: score(<Font 'Ubuntu' (Ubuntu-R.ttf) normal normal 400 normal>) = 10.05
findfont: score(<Font 'FreeMono' (FreeMonoBoldOblique.ttf) oblique normal 700 normal>) = 11.335
findfont: score(<Font 'Noto Serif CJK JP' (NotoSerifCJK-Bold.ttc) normal normal 700 normal>) = 10.335
findfont: score(<Font 'FreeSans' (FreeSansBold.ttf) normal normal 600 normal>) = 10.24
findfont: score(<Font 'KacstFarsi' (KacstFarsi.ttf) normal normal 500 normal>) = 10.145
findfont: score(<Font 'Garuda' (Garuda-Oblique.ttf) oblique normal 400 normal>) = 11.05
findfont: score(<Font 'Rachana' (Rachana-Bold.ttf) normal normal 700 normal>) = 10.335
findfont: score(<Font 'Kinnari' (Kinnari-Bold.ttf) normal normal 700 normal>) = 10.335
findfont: score(<Font 'Manjari' (Manjari-Bold.otf) normal normal 700 normal>) = 10.335
findfont: score(<Font 'Samyak Malayalam' (Samyak-Malayalam.ttf) normal normal 400 normal>) = 10.05
findfont: score(<Font 'Jamrul' (JamrulNormal.ttf) normal normal 500 normal>) = 10.145
findfont: score(<Font 'Norasi' (Norasi-BoldOblique.ttf) oblique normal 700 normal>) = 11.335
findfont: score(<Font 'Tlwg Mono' (TlwgMono-Oblique.ttf) oblique normal 400 normal>) = 11.05
findfont: score(<Font 'Kinnari' (Kinnari-BoldItalic.ttf) italic normal 700 normal>) = 11.335
findfont: score(<Font 'Tlwg Typewriter' (TlwgTypewriter.ttf) normal normal 500 normal>) = 10.145
findfont: score(<Font 'Tlwg Mono' (TlwgMono-BoldOblique.ttf) oblique normal 700 normal>) = 11.335
findfont: score(<Font 'Garuda' (Garuda-Bold.ttf) normal normal 700 normal>) = 10.335
findfont: score(<Font 'Lohit Devanagari' (Lohit-Devanagari.ttf) normal normal 400 normal>) = 10.05
findfont: score(<Font 'Dyuthi' (Dyuthi.ttf) normal normal 400 normal>) = 10.05
findfont: score(<Font 'Lohit Gurmukhi' (Lohit-Gurmukhi.ttf) normal normal 400 normal>) = 10.05
findfont: score(<Font 'KacstBook' (KacstBook.ttf) normal normal 500 normal>) = 10.145
findfont: score(<Font 'Samyak Gujarati' (Samyak-Gujarati.ttf) normal normal 500 normal>) = 10.145
findfont: score(<Font 'Chandas' (chandas1-2.ttf) normal normal 400 normal>) = 10.05
findfont: score(<Font 'Kinnari' (Kinnari-Oblique.ttf) oblique normal 500 normal>) = 11.145
findfont: score(<Font 'Kinnari' (Kinnari.ttf) normal normal 500 normal>) = 10.145
findfont: score(<Font 'Liberation Mono' (LiberationMono-BoldItalic.ttf) italic normal 700 normal>) = 11.335
findfont: score(<Font 'Norasi' (Norasi-BoldItalic.ttf) italic normal 700 normal>) = 11.335
findfont: score(<Font 'Tlwg Typo' (TlwgTypo-BoldOblique.ttf) oblique normal 700 normal>) = 11.335
findfont: score(<Font 'DejaVu Sans' (DejaVuSansCondensed-Bold.ttf) normal normal 700 condensed>) = 0.5349999999999999
findfont: score(<Font 'Norasi' (Norasi.ttf) normal normal 400 normal>) = 10.05
findfont: score(<Font 'Liberation Mono' (LiberationMono-Bold.ttf) normal normal 700 normal>) = 10.335
findfont: score(<Font 'Padauk' (Padauk-Regular.ttf) normal normal 400 normal>) = 10.05
findfont: score(<Font 'Tlwg Typist' (TlwgTypist-BoldOblique.ttf) oblique normal 700 normal>) = 11.335
findfont: score(<Font 'FreeMono' (FreeMonoOblique.ttf) oblique normal 400 normal>) = 11.05
findfont: score(<Font 'Kalapi' (Kalapi.ttf) normal normal 400 normal>) = 10.05
findfont: score(<Font 'KacstPoster' (KacstPoster.ttf) normal normal 500 normal>) = 10.145
findfont: score(<Font 'Liberation Mono' (LiberationMono-Italic.ttf) italic normal 400 normal>) = 11.05
findfont: score(<Font 'Khmer OS System' (KhmerOSsys.ttf) normal normal 400 normal>) = 10.05
findfont: score(<Font 'Waree' (Waree.ttf) normal normal 400 normal>) = 10.05
findfont: score(<Font 'Ubuntu Condensed' (Ubuntu-C.ttf) normal normal 400 condensed>) = 10.25
findfont: score(<Font 'DejaVu Sans Mono' (DejaVuSansMono-Bold.ttf) normal normal 700 normal>) = 10.335
findfont: score(<Font 'DejaVu Serif' (DejaVuSerif-Bold.ttf) normal normal 700 normal>) = 10.335
findfont: score(<Font 'Sawasdee' (Sawasdee-Bold.ttf) normal normal 700 normal>) = 10.335
findfont: score(<Font 'Meera' (Meera.ttf) normal normal 400 normal>) = 10.05
findfont: score(<Font 'KacstScreen' (KacstScreen.ttf) normal normal 500 normal>) = 10.145
findfont: score(<Font 'DejaVu Serif' (DejaVuSerifCondensed-Bold.ttf) normal normal 700 condensed>) = 10.535
findfont: score(<Font 'Lohit Odia' (Lohit-Odia.ttf) normal normal 400 normal>) = 10.05
findfont: score(<Font 'Ubuntu' (Ubuntu-BI.ttf) italic normal 700 normal>) = 11.335
findfont: score(<Font 'Liberation Sans' (LiberationSans-BoldItalic.ttf) italic normal 700 normal>) = 11.335
findfont: score(<Font 'Ubuntu' (Ubuntu-MI.ttf) italic normal 500 normal>) = 11.145
findfont: score(<Font 'Padauk' (Padauk-Bold.ttf) normal normal 700 normal>) = 10.335
findfont: score(<Font 'Laksaman' (Laksaman-Italic.ttf) italic normal 400 normal>) = 11.05
findfont: score(<Font 'Liberation Serif' (LiberationSerif-Regular.ttf) normal normal 400 normal>) = 10.05
findfont: score(<Font 'Suruma' (Suruma.ttf) normal normal 500 normal>) = 10.145
findfont: score(<Font 'Umpush' (Umpush-Light.ttf) normal normal 300 normal>) = 10.145
findfont: score(<Font 'Noto Serif CJK JP' (NotoSerifCJK-Regular.ttc) normal normal 400 normal>) = 10.05
findfont: score(<Font 'Tlwg Typewriter' (TlwgTypewriter-BoldOblique.ttf) oblique normal 700 normal>) = 11.335
findfont: score(<Font 'Khmer OS' (KhmerOS.ttf) normal normal 400 normal>) = 10.05
findfont: score(<Font 'Tlwg Typist' (TlwgTypist-Bold.ttf) normal normal 700 normal>) = 10.335
findfont: score(<Font 'Liberation Sans' (LiberationSans-Bold.ttf) normal normal 700 normal>) = 10.335
findfont: score(<Font 'DejaVu Sans' (DejaVuSansCondensed.ttf) normal normal 400 condensed>) = 0.25
findfont: score(<Font 'Sawasdee' (Sawasdee-BoldOblique.ttf) oblique normal 700 normal>) = 11.335
findfont: score(<Font 'Rachana' (Rachana-Regular.ttf) normal normal 400 normal>) = 10.05
findfont: score(<Font 'AnjaliOldLipi' (AnjaliOldLipi.ttf) normal normal 400 normal>) = 10.05
findfont: score(<Font 'DejaVu Sans' (DejaVuSans.ttf) normal normal 400 normal>) = 0.05
findfont: score(<Font 'Lohit Gujarati' (Lohit-Gujarati.ttf) normal normal 400 normal>) = 10.05
findfont: score(<Font 'Liberation Sans Narrow' (LiberationSansNarrow-Italic.ttf) italic normal 400 condensed>) = 11.25
findfont: score(<Font 'Laksaman' (Laksaman-BoldItalic.ttf) italic normal 700 normal>) = 11.335
findfont: score(<Font 'Liberation Serif' (LiberationSerif-Regular.ttf) normal normal 400 normal>) = 10.05
findfont: score(<Font 'RaghuMalayalam' (RaghuMalayalamSans-Regular.ttf) normal normal 400 normal>) = 10.05
findfont: score(<Font 'Noto Mono' (NotoMono-Regular.ttf) normal normal 400 normal>) = 10.05
findfont: score(<Font 'Lohit Assamese' (Lohit-Assamese.ttf) normal normal 400 normal>) = 10.05
findfont: score(<Font 'Pagul' (Pagul.ttf) normal normal 400 normal>) = 10.05
findfont: score(<Font 'Garuda' (Garuda.ttf) normal normal 400 normal>) = 10.05
findfont: score(<Font 'Ubuntu Mono' (UbuntuMono-B.ttf) normal normal 700 normal>) = 10.335
findfont: score(<Font 'KacstLetter' (KacstLetter.ttf) normal normal 500 normal>) = 10.145
findfont: score(<Font 'Liberation Serif' (LiberationSerif-BoldItalic.ttf) italic normal 700 normal>) = 11.335
findfont: score(<Font 'Noto Sans CJK JP' (NotoSansCJK-Regular.ttc) normal normal 400 normal>) = 10.05
findfont: score(<Font 'Tibetan Machine Uni' (TibetanMachineUni.ttf) normal normal 400 normal>) = 10.05
findfont: score(<Font 'Ubuntu' (Ubuntu-RI.ttf) italic normal 400 normal>) = 11.05
findfont: score(<Font 'Padauk Book' (PadaukBook-Regular.ttf) normal normal 400 normal>) = 10.05
findfont: score(<Font 'FreeMono' (FreeMono.ttf) normal normal 400 normal>) = 10.05
findfont: score(<Font 'Manjari' (Manjari-Regular.otf) normal normal 400 normal>) = 10.05
findfont: score(<Font 'Waree' (Waree-BoldOblique.ttf) oblique normal 700 normal>) = 11.335
findfont: score(<Font 'Lohit Bengali' (Lohit-Bengali.ttf) normal normal 400 normal>) = 10.05
findfont: score(<Font 'OpenSymbol' (opens___.ttf) normal normal 400 normal>) = 10.05
findfont: score(<Font 'Karumbi' (Karumbi.ttf) normal normal 400 normal>) = 10.05
findfont: score(<Font 'Liberation Serif' (LiberationSerif-Italic.ttf) italic normal 400 normal>) = 11.05
findfont: score(<Font 'Gubbi' (Gubbi.ttf) normal normal 400 normal>) = 10.05
findfont: score(<Font 'DejaVu Sans' (DejaVuSans-ExtraLight.ttf) normal normal 200 normal>) = 0.24
findfont: score(<Font 'KacstNaskh' (KacstNaskh.ttf) normal normal 500 normal>) = 10.145
findfont: score(<Font 'Umpush' (Umpush-Oblique.ttf) oblique normal 400 normal>) = 11.05
findfont: score(<Font 'Tlwg Typist' (TlwgTypist-Oblique.ttf) oblique normal 500 normal>) = 11.145
findfont: score(<Font 'Samyak Devanagari' (Samyak-Devanagari.ttf) normal normal 500 normal>) = 10.145
findfont: score(<Font 'Waree' (Waree-Oblique.ttf) oblique normal 400 normal>) = 11.05
findfont: score(<Font 'DejaVu Sans Mono' (DejaVuSansMono-BoldOblique.ttf) oblique normal 700 normal>) = 11.335
findfont: score(<Font 'Keraleeyam' (Keraleeyam.ttf) normal normal 700 normal>) = 10.335
findfont: score(<Font 'Umpush' (Umpush-LightOblique.ttf) oblique normal 300 normal>) = 11.145
findfont: score(<Font 'Lohit Malayalam' (Lohit-Malayalam.ttf) normal normal 400 normal>) = 10.05
findfont: score(<Font 'Purisa' (Purisa.ttf) normal normal 400 normal>) = 10.05
findfont: score(<Font 'Liberation Mono' (LiberationMono-Bold.ttf) normal normal 700 normal>) = 10.335
findfont: score(<Font 'Ubuntu Mono' (UbuntuMono-RI.ttf) italic normal 400 normal>) = 11.05
findfont: score(<Font 'padmaa-Bold.1.1' (padmaa-Bold.1.1.ttf) normal normal 700 normal>) = 10.335
findfont: score(<Font 'DejaVu Sans' (DejaVuSans-BoldOblique.ttf) oblique normal 700 normal>) = 1.335
findfont: score(<Font 'Mukti Narrow' (MuktiNarrow.ttf) normal normal 400 normal>) = 10.05
findfont: score(<Font 'Liberation Sans Narrow' (LiberationSansNarrow-Regular.ttf) normal normal 400 condensed>) = 10.25
findfont: score(<Font 'Ubuntu' (Ubuntu-LI.ttf) italic normal 300 normal>) = 11.145
findfont: score(<Font 'Chilanka' (Chilanka-Regular.ttf) normal normal 400 normal>) = 10.05
findfont: score(<Font 'Purisa' (Purisa-Oblique.ttf) oblique normal 400 normal>) = 11.05
findfont: score(<Font 'Liberation Mono' (LiberationMono-Italic.ttf) italic normal 400 normal>) = 11.05
findfont: score(<Font 'Liberation Sans' (LiberationSans-Bold.ttf) normal normal 700 normal>) = 10.335
findfont: score(<Font 'KacstDecorative' (KacstDecorative.ttf) normal normal 500 normal>) = 10.145
findfont: score(<Font 'Tlwg Typo' (TlwgTypo-Oblique.ttf) oblique normal 500 normal>) = 11.145
findfont: score(<Font 'Lohit Tamil' (Lohit-Tamil.ttf) normal normal 400 normal>) = 10.05
findfont: score(<Font 'DejaVu Serif' (DejaVuSerif-BoldItalic.ttf) italic normal 700 normal>) = 11.335
findfont: score(<Font 'Ubuntu Mono' (UbuntuMono-BI.ttf) italic normal 700 normal>) = 11.335
findfont: score(<Font 'KacstQurn' (KacstQurn.ttf) normal normal 400 normal>) = 10.05
findfont: score(<Font 'Liberation Serif' (LiberationSerif-Bold.ttf) normal normal 700 normal>) = 10.335
findfont: score(<Font 'FreeSerif' (FreeSerifBold.ttf) normal normal 700 normal>) = 10.335
findfont: score(<Font 'Nakula' (nakula.ttf) normal normal 400 normal>) = 10.05
findfont: score(<Font 'Manjari' (Manjari-Thin.otf) normal normal 100 normal>) = 10.335
findfont: score(<Font 'KacstArt' (KacstArt.ttf) normal normal 500 normal>) = 10.145
findfont: score(<Font 'DejaVu Serif' (DejaVuSerif-Italic.ttf) italic normal 400 normal>) = 11.05
findfont: score(<Font 'Lohit Telugu' (Lohit-Telugu.ttf) normal normal 400 normal>) = 10.05
findfont: score(<Font 'Sahadeva' (sahadeva.ttf) normal normal 400 normal>) = 10.05
findfont: score(<Font 'Ubuntu Mono' (UbuntuMono-R.ttf) normal normal 400 normal>) = 10.05
findfont: score(<Font 'FreeSerif' (FreeSerifItalic.ttf) italic normal 400 normal>) = 11.05
findfont: score(<Font 'DejaVu Serif' (DejaVuSerifCondensed.ttf) normal normal 400 condensed>) = 10.25
findfont: score(<Font 'Liberation Sans Narrow' (LiberationSansNarrow-Bold.ttf) normal normal 700 condensed>) = 10.535
findfont: score(<Font 'Liberation Sans' (LiberationSans-Italic.ttf) italic normal 400 normal>) = 11.05
findfont: score(<Font 'Umpush' (Umpush.ttf) normal normal 400 normal>) = 10.05
findfont: score(<Font 'Padauk Book' (PadaukBook-Bold.ttf) normal normal 700 normal>) = 10.335
findfont: score(<Font 'Kinnari' (Kinnari-BoldOblique.ttf) oblique normal 700 normal>) = 11.335
findfont: score(<Font 'Laksaman' (Laksaman.ttf) normal normal 400 normal>) = 10.05
findfont: score(<Font 'Likhan' (LikhanNormal.ttf) normal normal 500 normal>) = 10.145
findfont: score(<Font 'Liberation Sans Narrow' (LiberationSansNarrow-BoldItalic.ttf) italic normal 700 condensed>) = 11.535
findfont: score(<Font 'DejaVu Math TeX Gyre' (DejaVuMathTeXGyre.ttf) normal normal 400 normal>) = 10.05
findfont: score(<Font 'KacstTitle' (KacstTitle.ttf) normal normal 500 normal>) = 10.145
findfont: score(<Font 'Samanata' (samanata.ttf) normal normal 400 normal>) = 10.05
findfont: score(<Font 'DejaVu Sans Mono' (DejaVuSansMono-Oblique.ttf) oblique normal 400 normal>) = 11.05
findfont: score(<Font 'Umpush' (Umpush-Bold.ttf) normal normal 700 normal>) = 10.335
findfont: score(<Font 'Kalimati' (kalimati.ttf) normal normal 400 normal>) = 10.05
findfont: score(<Font 'Umpush' (Umpush-BoldOblique.ttf) oblique normal 700 normal>) = 11.335
findfont: score(<Font 'Tlwg Typist' (TlwgTypist.ttf) normal normal 500 normal>) = 10.145
findfont: score(<Font 'Tlwg Typewriter' (TlwgTypewriter-Oblique.ttf) oblique normal 400 normal>) = 11.05
findfont: score(<Font 'Liberation Serif' (LiberationSerif-BoldItalic.ttf) italic normal 700 normal>) = 11.335
findfont: score(<Font 'Loma' (Loma-Oblique.ttf) oblique normal 400 normal>) = 11.05
findfont: score(<Font 'Abyssinica SIL' (AbyssinicaSIL-R.ttf) normal normal 400 normal>) = 10.05
findfont: score(<Font 'Norasi' (Norasi-Oblique.ttf) oblique normal 400 normal>) = 11.05
findfont: score(<Font 'DejaVu Serif' (DejaVuSerifCondensed-BoldItalic.ttf) italic normal 700 condensed>) = 11.535
findfont: score(<Font 'Lohit Kannada' (Lohit-Kannada.ttf) normal normal 400 normal>) = 10.05
findfont: score(<Font 'Purisa' (Purisa-Bold.ttf) normal normal 700 normal>) = 10.335
findfont: score(<Font 'Saab' (Saab.ttf) normal normal 400 normal>) = 10.05
findfont: score(<Font 'mry_KacstQurn' (mry_KacstQurn.ttf) normal normal 400 normal>) = 10.05
findfont: score(<Font 'Garuda' (Garuda-BoldOblique.ttf) oblique normal 700 normal>) = 11.335
findfont: score(<Font 'Droid Sans Fallback' (DroidSansFallbackFull.ttf) normal normal 400 normal>) = 10.05
findfont: score(<Font 'Vemana2000' (vemana2000.ttf) normal normal 400 normal>) = 10.05
findfont: score(<Font 'Navilu' (Navilu.ttf) normal normal 400 normal>) = 10.05
findfont: score(<Font 'Purisa' (Purisa-BoldOblique.ttf) oblique normal 700 normal>) = 11.335
findfont: score(<Font 'Sarai' (Sarai.ttf) normal normal 400 normal>) = 10.05
findfont: score(<Font 'Mitra Mono' (mitra.ttf) normal normal 400 normal>) = 10.05
findfont: score(<Font 'padmaa' (padmaa-Medium-0.5.ttf) normal normal 500 normal>) = 10.145
findfont: score(<Font 'Liberation Sans' (LiberationSans-Regular.ttf) normal normal 400 normal>) = 10.05
findfont: score(<Font 'Loma' (Loma-BoldOblique.ttf) oblique normal 700 normal>) = 11.335
findfont: score(<Font 'DejaVu Sans' (DejaVuSans-Bold.ttf) normal normal 700 normal>) = 0.33499999999999996
findfont: score(<Font 'FreeSerif' (FreeSerif.ttf) normal normal 400 normal>) = 10.05
findfont: score(<Font 'Tlwg Typewriter' (TlwgTypewriter-Bold.ttf) normal normal 700 normal>) = 10.335
findfont: score(<Font 'Liberation Mono' (LiberationMono-Regular.ttf) normal normal 400 normal>) = 10.05
findfont: score(<Font 'Sawasdee' (Sawasdee-Oblique.ttf) oblique normal 400 normal>) = 11.05
findfont: score(<Font 'Liberation Mono' (LiberationMono-Regular.ttf) normal normal 400 normal>) = 10.05
findfont: score(<Font 'ori1Uni' (utkal.ttf) normal normal 500 normal>) = 10.145
findfont: score(<Font 'FreeSans' (FreeSans.ttf) normal normal 400 normal>) = 10.05
findfont: score(<Font 'FreeMono' (FreeMonoBold.ttf) normal normal 700 normal>) = 10.335
findfont: score(<Font 'Rekha' (Rekha.ttf) normal normal 500 normal>) = 10.145
findfont: score(<Font 'DejaVu Sans' (DejaVuSans-Oblique.ttf) oblique normal 400 normal>) = 1.05
findfont: Matching sans\-serif:style=normal:variant=normal:weight=normal:stretch=normal:size=18.0 to DejaVu Sans ('/home/mehdi/anaconda3/envs/carla_env/lib/python3.7/site-packages/matplotlib/mpl-data/fonts/ttf/DejaVuSans.ttf') with score of 0.050000.
episode: 2284/10000, score: -4831.354426916181, average: -3391.995868753931, ex-prob: 0.8967440583292776
... saving plot info ...
... saving explore probability ...
... saving checkout ...
... saving checkout ...
... saving checkout ...
... saving checkout ...
------------------------- 2285 -------------------------
... saving memory buffer ...
episode: 2285/10000, score: -4698.454414559508, average: -3392.5573034534605, ex-prob: 0.8967151952799277
... saving plot info ...
... saving explore probability ...
... saving checkout ...
... saving checkout ...
... saving checkout ...
... saving checkout ...
------------------------- 2286 -------------------------
... saving memory buffer ...
episode: 2286/10000, score: -4726.203855950692, average: -3393.130175683915, ex-prob: 0.8966958207645782
... saving plot info ...
... saving explore probability ...
... saving checkout ...
... saving checkout ...
... saving checkout ...
... saving checkout ...
------------------------- 2287 -------------------------
... saving memory buffer ...
episode: 2287/10000, score: -4742.6126394374505, average: -3393.7096013875444, ex-prob: 0.8966761363358552
... saving plot info ...
... saving explore probability ...
... saving checkout ...
... saving checkout ...
... saving checkout ...
... saving checkout ...
------------------------- 2288 -------------------------
... saving memory buffer ...
episode: 2288/10000, score: -4757.757267132981, average: -3394.2950295702676, ex-prob: 0.8966314046531432
... saving plot info ...
... saving explore probability ...
... saving checkout ...
... saving checkout ...
... saving checkout ...
... saving checkout ...
------------------------- 2289 -------------------------
... saving memory buffer ...
episode: 2289/10000, score: -4668.289187035307, average: -3394.8415736103643, ex-prob: 0.89660928347556
... saving plot info ...
... saving explore probability ...
... saving checkout ...
... saving checkout ...
... saving checkout ...
... saving checkout ...
------------------------- 2290 -------------------------
... saving memory buffer ...
episode: 2290/10000, score: -6608.3093594431975, average: -3396.2195615116652, ex-prob: 0.8965761249084271
... saving plot info ...
... saving explore probability ...
... saving checkout ...
... saving checkout ...
... saving checkout ...
... saving checkout ...
------------------------- 2291 -------------------------
... saving memory buffer ...
episode: 2291/10000, score: -4011.9521233958444, average: -3396.483484598628, ex-prob: 0.8965366731486768
... saving plot info ...
... saving explore probability ...
... saving checkout ...
... saving checkout ...
... saving checkout ...
... saving checkout ...
------------------------- 2292 -------------------------
... saving memory buffer ...
episode: 2292/10000, score: -4615.952991505089, average: -3397.005965107157, ex-prob: 0.8965153965238418
... saving plot info ...
... saving explore probability ...
... saving checkout ...
... saving checkout ...
... saving checkout ...
... saving checkout ...
------------------------- 2293 -------------------------
... saving memory buffer ...
episode: 2293/10000, score: 2.775904886158827, average: -3395.5499557409926, ex-prob: 0.8964267494166186
... saving plot info ...
... saving explore probability ...
... saving checkout ...
... saving checkout ...
... saving checkout ...
... saving checkout ...
------------------------- 2294 -------------------------
... saving memory buffer ...
episode: 2294/10000, score: -4887.019802866941, average: -3396.188427422125, ex-prob: 0.8963995808531093
... saving plot info ...
... saving explore probability ...
... saving checkout ...
... saving checkout ...
... saving checkout ...
... saving checkout ...
------------------------- 2295 -------------------------
... saving memory buffer ...
episode: 2295/10000, score: -4684.384615611243, average: -3396.73964530325, ex-prob: 0.8963805677860158
... saving plot info ...
... saving explore probability ...
... saving checkout ...
... saving checkout ...
... saving checkout ...
... saving checkout ...
------------------------- 2296 -------------------------
... saving memory buffer ...
episode: 2296/10000, score: -4803.467455602888, average: -3397.341325290547, ex-prob: 0.8963631505789835
... saving plot info ...
... saving explore probability ...
... saving checkout ...
... saving checkout ...
... saving checkout ...
... saving checkout ...
------------------------- 2297 -------------------------
... saving memory buffer ...
episode: 2297/10000, score: -4584.0563126112365, average: -3397.848685268025, ex-prob: 0.8963403270217107
... saving plot info ...
... saving explore probability ...
... saving checkout ...
... saving checkout ...
... saving checkout ...
... saving checkout ...
------------------------- 2298 -------------------------
... saving memory buffer ...
episode: 2298/10000, score: -4828.191144765021, average: -3398.4599427293483, ex-prob: 0.8963250377829396
... saving plot info ...
... saving explore probability ...
... saving checkout ...
... saving checkout ...
... saving checkout ...
... saving checkout ...
------------------------- 2299 -------------------------
... saving memory buffer ...
episode: 2299/10000, score: -4789.830601979645, average: -3399.054291579947, ex-prob: 0.8963070898826476
... saving plot info ...
... saving explore probability ...
... saving checkout ...
... saving checkout ...
... saving checkout ...
... saving checkout ...
------------------------- 2300 -------------------------
... saving memory buffer ...
episode: 2300/10000, score: -4805.034309623879, average: -3399.6546246363278, ex-prob: 0.8962898070629031
... saving plot info ...
... saving explore probability ...
... saving checkout ...
... saving checkout ...
... saving checkout ...
... saving checkout ...
------------------------- 2301 -------------------------
... saving memory buffer ...
episode: 2301/10000, score: -4671.80632183176, average: -3400.197583107175, ex-prob: 0.8962591419660879
... saving plot info ...
... saving explore probability ...
... saving checkout ...
... saving checkout ...
... saving checkout ...
... saving checkout ...
------------------------- 2302 -------------------------
... saving memory buffer ...
episode: 2302/10000, score: -4831.074876786579, average: -3400.808025638608, ex-prob: 0.8962440313765354
... saving plot info ...
... saving explore probability ...
... saving checkout ...
... saving checkout ...
... saving checkout ...
... saving checkout ...
------------------------- 2303 -------------------------
... saving memory buffer ...
episode: 2303/10000, score: -4769.808635575724, average: -3401.3918212078775, ex-prob: 0.8962264839184346
... saving plot info ...
... saving explore probability ...
... saving checkout ...
... saving checkout ...
... saving checkout ...
... saving checkout ...
------------------------- 2304 -------------------------
... saving memory buffer ...
episode: 2304/10000, score: 62.98205438945527, average: -3399.915106000888, ex-prob: 0.8961378657010275
... saving plot info ...
... saving explore probability ...
... saving checkout ...
... saving checkout ...
... saving checkout ...
... saving checkout ...
------------------------- 2305 -------------------------
... saving memory buffer ...
episode: 2305/10000, score: -43.989397999665584, average: -3398.485227130841, ex-prob: 0.8960492563449991
... saving plot info ...
... saving explore probability ...
... saving checkout ...
... saving checkout ...
... saving checkout ...
... saving checkout ...
------------------------- 2306 -------------------------
... saving memory buffer ...
episode: 2306/10000, score: -48.461536198489036, average: -3397.0584708740553, ex-prob: 0.895960655849463
... saving plot info ...
... saving explore probability ...
... saving checkout ...
... saving checkout ...
... saving checkout ...
... saving checkout ...
------------------------- 2307 -------------------------
... saving memory buffer ...
episode: 2307/10000, score: -6748.746911484201, average: -3398.4853284477504, ex-prob: 0.8958960716717735
... saving plot info ...
... saving explore probability ...
... saving checkout ...
... saving checkout ...
... saving checkout ...
... saving checkout ...
------------------------- 2308 -------------------------
... saving memory buffer ...
episode: 2308/10000, score: 3.33049978752193, average: -3397.037747244246, ex-prob: 0.8958074864939392
... saving plot info ...
... saving explore probability ...
... saving checkout ...
... saving checkout ...
... saving checkout ...
... saving checkout ...
------------------------- 2309 -------------------------
... saving memory buffer ...
episode: 2309/10000, score: -39.8508300697396, average: -3395.6097647188635, ex-prob: 0.8957189101741795
... saving plot info ...
... saving explore probability ...
... saving checkout ...
... saving checkout ...
... saving checkout ...
... saving checkout ...
------------------------- 2310 -------------------------
... saving memory buffer ...
episode: 2310/10000, score: 63.26832569043245, average: -3394.1391532858665, ex-prob: 0.895630342711609
... saving plot info ...
... saving explore probability ...
... saving checkout ...
... saving checkout ...
... saving checkout ...
... saving checkout ...
------------------------- 2311 -------------------------
... saving memory buffer ...
episode: 2311/10000, score: -6961.433853618538, average: -3395.655215631949, ex-prob: 0.8956211764849973
... saving plot info ...
... saving explore probability ...
... saving checkout ...
... saving checkout ...
... saving checkout ...
... saving checkout ...
------------------------- 2312 -------------------------
... saving memory buffer ...
episode: 2312/10000, score: -65.42418480860215, average: -3394.2405040640547, ex-prob: 0.895532618795307
... saving plot info ...
... saving explore probability ...
... saving checkout ...
... saving checkout ...
... saving checkout ...
... saving checkout ...
------------------------- 2313 -------------------------
... saving memory buffer ...
episode: 2313/10000, score: -6957.090340344762, average: -3395.7533914679957, ex-prob: 0.8955208412897977
... saving plot info ...
... saving explore probability ...
... saving checkout ...
... saving checkout ...
... saving checkout ...
... saving checkout ...
------------------------- 2314 -------------------------
... saving memory buffer ...
episode: 2314/10000, score: -14.334064992128376, average: -3394.3181540628702, ex-prob: 0.8954322936331254
... saving plot info ...
... saving explore probability ...
... saving checkout ...
... saving checkout ...
... saving checkout ...
... saving checkout ...
------------------------- 2315 -------------------------
... saving memory buffer ...
episode: 2315/10000, score: 626.8464665957625, average: -3392.612102038832, ex-prob: 0.8953437548307759
... saving plot info ...
... saving explore probability ...
... saving checkout ...
... saving checkout ...
... saving checkout ...
... saving checkout ...
------------------------- 2316 -------------------------
... saving memory buffer ...
episode: 2316/10000, score: -3983.4185481389245, average: -3392.8626560872203, ex-prob: 0.8952786401922282
... saving plot info ...
... saving explore probability ...
... saving checkout ...
... saving checkout ...
... saving checkout ...
... saving checkout ...
------------------------- 2317 -------------------------
... saving memory buffer ...
episode: 2317/10000, score: -4708.0692384146305, average: -3393.42018325226, ex-prob: 0.8952588986986705
... saving plot info ...
... saving explore probability ...
... saving checkout ...
... saving checkout ...
... saving checkout ...
... saving checkout ...
------------------------- 2318 -------------------------
... saving memory buffer ...
episode: 2318/10000, score: -6501.063898472796, average: -3394.7369814366753, ex-prob: 0.895186885816425
... saving plot info ...
... saving explore probability ...
... saving checkout ...
... saving checkout ...
... saving checkout ...
... saving checkout ...
------------------------- 2319 -------------------------
... saving memory buffer ...
episode: 2319/10000, score: -6295.574303638652, average: -3395.9656291800898, ex-prob: 0.8951282883841803
... saving plot info ...
... saving explore probability ...
... saving checkout ...
... saving checkout ...
... saving checkout ...
... saving checkout ...
------------------------- 2320 -------------------------
... saving memory buffer ...
episode: 2320/10000, score: 859.8737924980187, average: -3394.163834336026, ex-prob: 0.8950397799808358
... saving plot info ...
... saving explore probability ...
... saving checkout ...
... saving checkout ...
... saving checkout ...
... saving checkout ...
------------------------- 2321 -------------------------
... saving memory buffer ...
episode: 2321/10000, score: -6957.162979870831, average: -3395.6716630053174, ex-prob: 0.8950176985137929
... saving plot info ...
... saving explore probability ...
... saving checkout ...
... saving checkout ...
... saving checkout ...
... saving checkout ...
------------------------- 2322 -------------------------
... saving memory buffer ...
episode: 2322/10000, score: -31.453769886403492, average: -3394.2485589896155, ex-prob: 0.8949292011688824
... saving plot info ...
... saving explore probability ...
... saving checkout ...
... saving checkout ...
... saving checkout ...
... saving checkout ...
------------------------- 2323 -------------------------
... saving memory buffer ...
episode: 2323/10000, score: -57.00063510114241, average: -3392.837460501714, ex-prob: 0.894840712673264
... saving plot info ...
... saving explore probability ...
... saving checkout ...
... saving checkout ...
... saving checkout ...
... saving checkout ...
------------------------- 2324 -------------------------
... saving memory buffer ...
episode: 2324/10000, score: 652.220914950443, average: -3391.127799311751, ex-prob: 0.8947522330260529
... saving plot info ...
... saving explore probability ...
... saving checkout ...
... saving checkout ...
... saving checkout ...
... saving checkout ...
------------------------- 2325 -------------------------
... saving memory buffer ...
episode: 2325/10000, score: 1533.5036140300986, average: -3389.0472621704994, ex-prob: 0.8946637622263639
... saving plot info ...
... saving explore probability ...
... saving checkout ...
... saving checkout ...
... saving checkout ...
... saving checkout ...
------------------------- 2326 -------------------------
... saving memory buffer ...
episode: 2326/10000, score: 364.79477770651806, average: -3387.4620248225788, ex-prob: 0.8945753002733127
... saving plot info ...
... saving explore probability ...
... saving checkout ...
... saving checkout ...
... saving checkout ...
... saving checkout ...
------------------------- 2327 -------------------------
... saving memory buffer ...
episode: 2327/10000, score: 973.5940513683396, average: -3385.6211400289144, ex-prob: 0.8944868471660145
... saving plot info ...
... saving explore probability ...
... saving checkout ...
... saving checkout ...
... saving checkout ...
... saving checkout ...
------------------------- 2328 -------------------------
... saving memory buffer ...
episode: 2328/10000, score: -31.377314150166498, average: -3384.205847275379, ex-prob: 0.8943984029035846
... saving plot info ...
... saving explore probability ...
... saving checkout ...
... saving checkout ...
... saving checkout ...
... saving checkout ...
------------------------- 2329 -------------------------
... saving memory buffer ...
episode: 2329/10000, score: -4403.02870282918, average: -3384.6355490280375, ex-prob: 0.8943766469704724
... saving plot info ...
... saving explore probability ...
... saving checkout ...
... saving checkout ...
... saving checkout ...
... saving checkout ...
------------------------- 2330 -------------------------
... saving memory buffer ...
episode: 2330/10000, score: -4744.7485049345705, average: -3385.208952466447, ex-prob: 0.8943597555378289
... saving plot info ...
... saving explore probability ...
... saving checkout ...
... saving checkout ...
... saving checkout ...
... saving checkout ...
------------------------- 2331 -------------------------
... saving memory buffer ...
episode: 2331/10000, score: -4734.605002578274, average: -3385.777598083856, ex-prob: 0.8943418032170081
... saving plot info ...
... saving explore probability ...
... saving checkout ...
... saving checkout ...
... saving checkout ...
... saving checkout ...
------------------------- 2332 -------------------------
... saving memory buffer ...
episode: 2332/10000, score: -4822.821370134274, average: -3386.38292401985, ex-prob: 0.894325619910087
... saving plot info ...
... saving explore probability ...
... saving checkout ...
... saving checkout ...
... saving checkout ...
... saving checkout ...
------------------------- 2333 -------------------------
... saving memory buffer ...
episode: 2333/10000, score: -65.37923333117179, average: -3384.9846066764026, ex-prob: 0.8942371917695766
... saving plot info ...
... saving explore probability ...
... saving checkout ...
... saving checkout ...
... saving checkout ...
... saving checkout ...
------------------------- 2334 -------------------------
... saving memory buffer ...
episode: 2334/10000, score: 777.225536616585, average: -3383.232834730572, ex-prob: 0.8941487724714383
... saving plot info ...
... saving explore probability ...
... saving checkout ...
... saving checkout ...
... saving checkout ...
... saving checkout ...
------------------------- 2335 -------------------------
... saving memory buffer ...
episode: 2335/10000, score: -61.10668410475449, average: -3381.8352217096945, ex-prob: 0.8940603620147877
... saving plot info ...
... saving explore probability ...
... saving checkout ...
... saving checkout ...
... saving checkout ...
... saving checkout ...
------------------------- 2336 -------------------------
... saving memory buffer ...
episode: 2336/10000, score: 455.02449368120676, average: -3380.221739911801, ex-prob: 0.8939719603987406
... saving plot info ...
... saving explore probability ...
... saving checkout ...
... saving checkout ...
... saving checkout ...
... saving checkout ...
------------------------- 2337 -------------------------
... saving memory buffer ...
episode: 2337/10000, score: 250.77732251978574, average: -3378.695468763238, ex-prob: 0.8938835676224132
... saving plot info ...
... saving explore probability ...
... saving checkout ...
... saving checkout ...
... saving checkout ...
... saving checkout ...
------------------------- 2338 -------------------------
... saving memory buffer ...
episode: 2338/10000, score: -6833.926917208016, average: -3380.1472466827527, ex-prob: 0.8938436611802298
... saving plot info ...
... saving explore probability ...
... saving checkout ...
... saving checkout ...
... saving checkout ...
... saving checkout ...
------------------------- 2339 -------------------------
... saving memory buffer ...
episode: 2339/10000, score: -6931.456288570508, average: -3381.6387666499463, ex-prob: 0.8938338505700397
... saving plot info ...
... saving explore probability ...
... saving checkout ...
... saving checkout ...
... saving checkout ...
... saving checkout ...
------------------------- 2340 -------------------------
... saving memory buffer ...
episode: 2340/10000, score: -4374.67904845504, average: -3382.055660135171, ex-prob: 0.8938053915782436
... saving plot info ...
... saving explore probability ...
... saving checkout ...
... saving checkout ...
... saving checkout ...
... saving checkout ...
------------------------- 2341 -------------------------
... saving memory buffer ...
episode: 2341/10000, score: 599.5063702086837, average: -3380.3848409868942, ex-prob: 0.8937170154579653
... saving plot info ...
... saving explore probability ...
... saving checkout ...
... saving checkout ...
... saving checkout ...
... saving checkout ...
------------------------- 2342 -------------------------
... saving memory buffer ...
episode: 2342/10000, score: 1432.2949515906394, average: -3378.366099463162, ex-prob: 0.8936286481748574
... saving plot info ...
... saving explore probability ...
... saving checkout ...
... saving checkout ...
... saving checkout ...
... saving checkout ...
------------------------- 2343 -------------------------
... saving memory buffer ...
episode: 2343/10000, score: -18.372335142884054, average: -3376.957297046256, ex-prob: 0.8935402897280359
... saving plot info ...
... saving explore probability ...
... saving checkout ...
... saving checkout ...
... saving checkout ...
... saving checkout ...
------------------------- 2344 -------------------------
... saving memory buffer ...
episode: 2344/10000, score: 138.34004883686484, average: -3375.483995560136, ex-prob: 0.8934519401166173
... saving plot info ...
... saving explore probability ...
... saving checkout ...
... saving checkout ...
... saving checkout ...
... saving checkout ...
------------------------- 2345 -------------------------
